#
# There is insufficient memory for the Java Runtime Environment to continue.
# Native memory allocation (malloc) failed to allocate 1489504 bytes. Error detail: Chunk::new
# Possible reasons:
#   The system is out of physical RAM or swap space
#   This process is running with CompressedOops enabled, and the Java Heap may be blocking the growth of the native heap
# Possible solutions:
#   Reduce memory load on the system
#   Increase physical memory or swap space
#   Check if swap backing store is full
#   Decrease Java heap size (-Xmx/-Xms)
#   Decrease number of Java threads
#   Decrease Java thread stack sizes (-Xss)
#   Set larger code cache with -XX:ReservedCodeCacheSize=
#   JVM is running with Unscaled Compressed Oops mode in which the Java heap is
#     placed in the first 4GB address space. The Java Heap base address is the
#     maximum limit for the native heap growth. Please use -XX:HeapBaseMinAddress
#     to set the Java Heap base and to place the Java Heap above 4GB virtual address.
# This output file may be truncated or incomplete.
#
#  Out of Memory Error (arena.cpp:149), pid=14824, tid=7572
#
# JRE version: Java(TM) SE Runtime Environment (23.0.1+11) (build 23.0.1+11-39)
# Java VM: Java HotSpot(TM) 64-Bit Server VM (23.0.1+11-39, mixed mode, sharing, tiered, compressed oops, compressed class ptrs, g1 gc, windows-amd64)
# No core dump will be written. Minidumps are not enabled by default on client versions of Windows
#

---------------  S U M M A R Y ------------

Command Line: --add-opens=java.base/java.util=ALL-UNNAMED --add-opens=java.base/java.lang=ALL-UNNAMED --add-opens=java.base/java.lang.invoke=ALL-UNNAMED --add-opens=java.prefs/java.util.prefs=ALL-UNNAMED --add-opens=java.base/java.nio.charset=ALL-UNNAMED --add-opens=java.base/java.net=ALL-UNNAMED --add-opens=java.base/java.util.concurrent.atomic=ALL-UNNAMED -Xmx2048m -Dfile.encoding=UTF-8 -Duser.country=RU -Duser.language=ru -Duser.variant -javaagent:C:\Users\HUAWEI\.gradle\wrapper\dists\gradle-8.7-bin\bhs2wmbdwecv87pi65oeuq5iu\gradle-8.7\lib\agents\gradle-instrumentation-agent-8.7.jar org.gradle.launcher.daemon.bootstrap.GradleDaemon 8.7

Host: 11th Gen Intel(R) Core(TM) i5-1135G7 @ 2.40GHz, 8 cores, 7G,  Windows 11 , 64 bit Build 22621 (10.0.22621.4974)
Time: Thu Apr 10 18:10:31 2025  Windows 11 , 64 bit Build 22621 (10.0.22621.4974) elapsed time: 3.934440 seconds (0d 0h 0m 3s)

---------------  T H R E A D  ---------------

Current thread (0x000001ee43fb3d20):  JavaThread "C2 CompilerThread0" daemon [_thread_in_native, id=7572, stack(0x000000de9e500000,0x000000de9e600000) (1024K)]


Current CompileTask:
C2:3934 2963       4       java.net.URLClassLoader$1::run (5 bytes)

Stack: [0x000000de9e500000,0x000000de9e600000]
Native frames: (J=compiled Java code, j=interpreted, Vv=VM code, C=native code)
V  [jvm.dll+0x6e08b9]  (no source info available)
V  [jvm.dll+0x87dc83]  (no source info available)
V  [jvm.dll+0x88010e]  (no source info available)
V  [jvm.dll+0x8807e3]  (no source info available)
V  [jvm.dll+0x27aee6]  (no source info available)
V  [jvm.dll+0xbc06f]  (no source info available)
V  [jvm.dll+0xbc2cb]  (no source info available)
V  [jvm.dll+0x3b3a9c]  (no source info available)
V  [jvm.dll+0x1dc19c]  (no source info available)
V  [jvm.dll+0x244be5]  (no source info available)
V  [jvm.dll+0x243dff]  (no source info available)
V  [jvm.dll+0x1c33a0]  (no source info available)
V  [jvm.dll+0x253cf1]  (no source info available)
V  [jvm.dll+0x251faa]  (no source info available)
V  [jvm.dll+0x3ee036]  (no source info available)
V  [jvm.dll+0x824f8b]  (no source info available)
V  [jvm.dll+0x6df065]  (no source info available)
C  [ucrtbase.dll+0x29333]  (no source info available)
C  [KERNEL32.DLL+0x1259d]  (no source info available)
C  [ntdll.dll+0x5af38]  (no source info available)

Lock stack of current Java thread (top to bottom):


---------------  P R O C E S S  ---------------

Threads class SMR info:
_java_thread_list=0x000001ee8b403a40, length=25, elements={
0x000001ee24e967c0, 0x000001ee43fa91a0, 0x000001ee43fa9ec0, 0x000001ee43face90,
0x000001ee43faeb80, 0x000001ee43faf5e0, 0x000001ee43fb07e0, 0x000001ee43fb3d20,
0x000001ee43fb9780, 0x000001ee43f78e80, 0x000001ee4432edc0, 0x000001ee44421bc0,
0x000001ee8b01f250, 0x000001ee8b06ffc0, 0x000001ee8b328c50, 0x000001ee8b0b5ce0,
0x000001ee8b0b7360, 0x000001ee8b0c8860, 0x000001ee8b0c8ed0, 0x000001ee8b1d93f0,
0x000001ee8b1d86d0, 0x000001ee8b1d9a80, 0x000001ee8b1dae30, 0x000001ee8b1da7a0,
0x000001ee8b1d79b0
}

Java Threads: ( => current thread )
  0x000001ee24e967c0 JavaThread "main"                              [_thread_blocked, id=15056, stack(0x000000de9d700000,0x000000de9d800000) (1024K)]
  0x000001ee43fa91a0 JavaThread "Reference Handler"          daemon [_thread_blocked, id=9340, stack(0x000000de9df00000,0x000000de9e000000) (1024K)]
  0x000001ee43fa9ec0 JavaThread "Finalizer"                  daemon [_thread_blocked, id=11308, stack(0x000000de9e000000,0x000000de9e100000) (1024K)]
  0x000001ee43face90 JavaThread "Signal Dispatcher"          daemon [_thread_blocked, id=12504, stack(0x000000de9e100000,0x000000de9e200000) (1024K)]
  0x000001ee43faeb80 JavaThread "Attach Listener"            daemon [_thread_blocked, id=2832, stack(0x000000de9e200000,0x000000de9e300000) (1024K)]
  0x000001ee43faf5e0 JavaThread "Service Thread"             daemon [_thread_blocked, id=9436, stack(0x000000de9e300000,0x000000de9e400000) (1024K)]
  0x000001ee43fb07e0 JavaThread "Monitor Deflation Thread"   daemon [_thread_blocked, id=932, stack(0x000000de9e400000,0x000000de9e500000) (1024K)]
=>0x000001ee43fb3d20 JavaThread "C2 CompilerThread0"         daemon [_thread_in_native, id=7572, stack(0x000000de9e500000,0x000000de9e600000) (1024K)]
  0x000001ee43fb9780 JavaThread "C1 CompilerThread0"         daemon [_thread_blocked, id=9772, stack(0x000000de9e600000,0x000000de9e700000) (1024K)]
  0x000001ee43f78e80 JavaThread "Common-Cleaner"             daemon [_thread_blocked, id=6696, stack(0x000000de9e700000,0x000000de9e800000) (1024K)]
  0x000001ee4432edc0 JavaThread "C2 CompilerThread1"         daemon [_thread_in_native, id=14448, stack(0x000000de9e800000,0x000000de9e900000) (1024K)]
  0x000001ee44421bc0 JavaThread "Notification Thread"        daemon [_thread_blocked, id=13036, stack(0x000000de9e900000,0x000000de9ea00000) (1024K)]
  0x000001ee8b01f250 JavaThread "Daemon health stats"               [_thread_blocked, id=2268, stack(0x000000de9ef00000,0x000000de9f000000) (1024K)]
  0x000001ee8b06ffc0 JavaThread "Incoming local TCP Connector on port 50147"        [_thread_in_native, id=2848, stack(0x000000de9f000000,0x000000de9f100000) (1024K)]
  0x000001ee8b328c50 JavaThread "Daemon periodic checks"            [_thread_blocked, id=9552, stack(0x000000de9f100000,0x000000de9f200000) (1024K)]
  0x000001ee8b0b5ce0 JavaThread "Daemon"                            [_thread_blocked, id=4128, stack(0x000000de9f200000,0x000000de9f300000) (1024K)]
  0x000001ee8b0b7360 JavaThread "Handler for socket connection from /127.0.0.1:50147 to /127.0.0.1:50148"        [_thread_in_native, id=15144, stack(0x000000de9f300000,0x000000de9f400000) (1024K)]
  0x000001ee8b0c8860 JavaThread "Cancel handler"                    [_thread_blocked, id=3752, stack(0x000000de9f400000,0x000000de9f500000) (1024K)]
  0x000001ee8b0c8ed0 JavaThread "Daemon worker"                     [_thread_in_vm, id=13500, stack(0x000000de9f500000,0x000000de9f600000) (1024K)]
  0x000001ee8b1d93f0 JavaThread "Asynchronous log dispatcher for DefaultDaemonConnection: socket connection from /127.0.0.1:50147 to /127.0.0.1:50148"        [_thread_blocked, id=15156, stack(0x000000de9f600000,0x000000de9f700000) (1024K)]
  0x000001ee8b1d86d0 JavaThread "Stdin handler"                     [_thread_blocked, id=15040, stack(0x000000de9f700000,0x000000de9f800000) (1024K)]
  0x000001ee8b1d9a80 JavaThread "Daemon client event forwarder"        [_thread_blocked, id=15228, stack(0x000000de9f800000,0x000000de9f900000) (1024K)]
  0x000001ee8b1dae30 JavaThread "Cache worker for journal cache (C:\Users\HUAWEI\.gradle\caches\journal-1)"        [_thread_blocked, id=14860, stack(0x000000de9fb00000,0x000000de9fc00000) (1024K)]
  0x000001ee8b1da7a0 JavaThread "File lock request listener"        [_thread_in_native, id=9392, stack(0x000000de9fc00000,0x000000de9fd00000) (1024K)]
  0x000001ee8b1d79b0 JavaThread "Cache worker for file hash cache (C:\Users\HUAWEI\.gradle\caches\8.7\fileHashes)"        [_thread_blocked, id=4868, stack(0x000000de9fd00000,0x000000de9fe00000) (1024K)]
Total: 25

Other Threads:
  0x000001ee43f8c9d0 VMThread "VM Thread"                           [id=1472, stack(0x000000de9de00000,0x000000de9df00000) (1024K)]
  0x000001ee43f78120 WatcherThread "VM Periodic Task Thread"        [id=4800, stack(0x000000de9dd00000,0x000000de9de00000) (1024K)]
  0x000001ee272addd0 WorkerThread "GC Thread#0"                     [id=15108, stack(0x000000de9d800000,0x000000de9d900000) (1024K)]
  0x000001ee8a08d7c0 WorkerThread "GC Thread#1"                     [id=15120, stack(0x000000de9ea00000,0x000000de9eb00000) (1024K)]
  0x000001ee8a04c3c0 WorkerThread "GC Thread#2"                     [id=12484, stack(0x000000de9eb00000,0x000000de9ec00000) (1024K)]
  0x000001ee8a245cb0 WorkerThread "GC Thread#3"                     [id=2380, stack(0x000000de9ec00000,0x000000de9ed00000) (1024K)]
  0x000001ee8a246060 WorkerThread "GC Thread#4"                     [id=14676, stack(0x000000de9ed00000,0x000000de9ee00000) (1024K)]
  0x000001ee8a223b10 WorkerThread "GC Thread#5"                     [id=8172, stack(0x000000de9ee00000,0x000000de9ef00000) (1024K)]
  0x000001ee8b309260 WorkerThread "GC Thread#6"                     [id=13988, stack(0x000000de9f900000,0x000000de9fa00000) (1024K)]
  0x000001ee8b308750 WorkerThread "GC Thread#7"                     [id=15060, stack(0x000000de9fa00000,0x000000de9fb00000) (1024K)]
  0x000001ee272c2ee0 ConcurrentGCThread "G1 Main Marker"            [id=15080, stack(0x000000de9d900000,0x000000de9da00000) (1024K)]
  0x000001ee272c3900 WorkerThread "G1 Conc#0"                       [id=4960, stack(0x000000de9da00000,0x000000de9db00000) (1024K)]
  0x000001ee2730e930 ConcurrentGCThread "G1 Refine#0"               [id=5740, stack(0x000000de9db00000,0x000000de9dc00000) (1024K)]
  0x000001ee43e4d4d0 ConcurrentGCThread "G1 Service"                [id=860, stack(0x000000de9dc00000,0x000000de9dd00000) (1024K)]
Total: 14

Threads with active compile tasks:
C2 CompilerThread0  4004 2963       4       java.net.URLClassLoader$1::run (5 bytes)
C2 CompilerThread1  4004 2949   !   4       java.net.URLClassLoader::findClass (47 bytes)
Total: 2

VM state: not at safepoint (normal execution)

VM Mutex/Monitor currently owned by a thread: None

Heap address: 0x0000000080000000, size: 2048 MB, Compressed Oops mode: 32-bit

CDS archive(s) mapped at: [0x000001ee45000000-0x000001ee45d70000-0x000001ee45d70000), size 14090240, SharedBaseAddress: 0x000001ee45000000, ArchiveRelocationMode: 1.
Compressed class space mapped at: 0x000001ee46000000-0x000001ee86000000, reserved size: 1073741824
Narrow klass base: 0x000001ee45000000, Narrow klass shift: 0, Narrow klass range: 0x41000000

GC Precious Log:
 CardTable entry size: 512
 Card Set container configuration: InlinePtr #cards 5 size 8 Array Of Cards #cards 10 size 36 Howl #buckets 4 coarsen threshold 1843 Howl Bitmap #cards 512 size 80 coarsen threshold 460 Card regions per heap region 1 cards per card region 2048
 CPUs: 8 total, 8 available
 Memory: 7991M
 Large Page Support: Disabled
 NUMA Support: Disabled
 Compressed Oops: Enabled (32-bit)
 Heap Region Size: 1M
 Heap Min Capacity: 8M
 Heap Initial Capacity: 126M
 Heap Max Capacity: 2G
 Pre-touch: Disabled
 Parallel Workers: 8
 Concurrent Workers: 2
 Concurrent Refinement Workers: 8
 Periodic GC: Disabled

Heap:
 garbage-first heap   total reserved 2097152K, committed 129024K, used 52051K [0x0000000080000000, 0x0000000100000000)
  region size 1024K, 41 young (41984K), 8 survivors (8192K)
 Metaspace       used 18379K, committed 19008K, reserved 1114112K
  class space    used 2673K, committed 2944K, reserved 1048576K

Heap Regions: E=young(eden), S=young(survivor), O=old, HS=humongous(starts), HC=humongous(continues), CS=collection set, F=free, TAMS=top-at-mark-start, PB=parsable bottom
|   0|0x0000000080000000, 0x0000000080100000, 0x0000000080100000|100%|HS|  |TAMS 0x0000000080000000| PB 0x0000000080000000| Complete |  0
|   1|0x0000000080100000, 0x0000000080200000, 0x0000000080200000|100%|HC|  |TAMS 0x0000000080100000| PB 0x0000000080100000| Complete |  0
|   2|0x0000000080200000, 0x0000000080300000, 0x0000000080300000|100%|HC|  |TAMS 0x0000000080200000| PB 0x0000000080200000| Complete |  0
|   3|0x0000000080300000, 0x0000000080400000, 0x0000000080400000|100%|HC|  |TAMS 0x0000000080300000| PB 0x0000000080300000| Complete |  0
|   4|0x0000000080400000, 0x0000000080500000, 0x0000000080500000|100%| O|  |TAMS 0x0000000080400000| PB 0x0000000080400000| Untracked |  0
|   5|0x0000000080500000, 0x0000000080600000, 0x0000000080600000|100%| O|  |TAMS 0x0000000080500000| PB 0x0000000080500000| Untracked |  0
|   6|0x0000000080600000, 0x0000000080700000, 0x0000000080700000|100%| O|  |TAMS 0x0000000080600000| PB 0x0000000080600000| Untracked |  0
|   7|0x0000000080700000, 0x0000000080800000, 0x0000000080800000|100%| O|  |TAMS 0x0000000080700000| PB 0x0000000080700000| Untracked |  0
|   8|0x0000000080800000, 0x0000000080900000, 0x0000000080900000|100%| O|  |TAMS 0x0000000080800000| PB 0x0000000080800000| Untracked |  0
|   9|0x0000000080900000, 0x0000000080a00000, 0x0000000080a00000|100%| O|  |TAMS 0x0000000080900000| PB 0x0000000080900000| Untracked |  0
|  10|0x0000000080a00000, 0x0000000080b00000, 0x0000000080b00000|100%| O|  |TAMS 0x0000000080a00000| PB 0x0000000080a00000| Untracked |  0
|  11|0x0000000080b00000, 0x0000000080b00000, 0x0000000080c00000|  0%| F|  |TAMS 0x0000000080b00000| PB 0x0000000080b00000| Untracked |  0
|  12|0x0000000080c00000, 0x0000000080cd4d48, 0x0000000080d00000| 83%| O|  |TAMS 0x0000000080c00000| PB 0x0000000080c00000| Untracked |  0
|  13|0x0000000080d00000, 0x0000000080d00000, 0x0000000080e00000|  0%| F|  |TAMS 0x0000000080d00000| PB 0x0000000080d00000| Untracked |  0
|  14|0x0000000080e00000, 0x0000000080e00000, 0x0000000080f00000|  0%| F|  |TAMS 0x0000000080e00000| PB 0x0000000080e00000| Untracked |  0
|  15|0x0000000080f00000, 0x0000000080f00000, 0x0000000081000000|  0%| F|  |TAMS 0x0000000080f00000| PB 0x0000000080f00000| Untracked |  0
|  16|0x0000000081000000, 0x0000000081000000, 0x0000000081100000|  0%| F|  |TAMS 0x0000000081000000| PB 0x0000000081000000| Untracked |  0
|  17|0x0000000081100000, 0x0000000081100000, 0x0000000081200000|  0%| F|  |TAMS 0x0000000081100000| PB 0x0000000081100000| Untracked |  0
|  18|0x0000000081200000, 0x0000000081200000, 0x0000000081300000|  0%| F|  |TAMS 0x0000000081200000| PB 0x0000000081200000| Untracked |  0
|  19|0x0000000081300000, 0x0000000081300000, 0x0000000081400000|  0%| F|  |TAMS 0x0000000081300000| PB 0x0000000081300000| Untracked |  0
|  20|0x0000000081400000, 0x0000000081400000, 0x0000000081500000|  0%| F|  |TAMS 0x0000000081400000| PB 0x0000000081400000| Untracked |  0
|  21|0x0000000081500000, 0x0000000081500000, 0x0000000081600000|  0%| F|  |TAMS 0x0000000081500000| PB 0x0000000081500000| Untracked |  0
|  22|0x0000000081600000, 0x0000000081600000, 0x0000000081700000|  0%| F|  |TAMS 0x0000000081600000| PB 0x0000000081600000| Untracked |  0
|  23|0x0000000081700000, 0x0000000081700000, 0x0000000081800000|  0%| F|  |TAMS 0x0000000081700000| PB 0x0000000081700000| Untracked |  0
|  24|0x0000000081800000, 0x0000000081800000, 0x0000000081900000|  0%| F|  |TAMS 0x0000000081800000| PB 0x0000000081800000| Untracked |  0
|  25|0x0000000081900000, 0x0000000081900000, 0x0000000081a00000|  0%| F|  |TAMS 0x0000000081900000| PB 0x0000000081900000| Untracked |  0
|  26|0x0000000081a00000, 0x0000000081a00000, 0x0000000081b00000|  0%| F|  |TAMS 0x0000000081a00000| PB 0x0000000081a00000| Untracked |  0
|  27|0x0000000081b00000, 0x0000000081b00000, 0x0000000081c00000|  0%| F|  |TAMS 0x0000000081b00000| PB 0x0000000081b00000| Untracked |  0
|  28|0x0000000081c00000, 0x0000000081c00000, 0x0000000081d00000|  0%| F|  |TAMS 0x0000000081c00000| PB 0x0000000081c00000| Untracked |  0
|  29|0x0000000081d00000, 0x0000000081d00000, 0x0000000081e00000|  0%| F|  |TAMS 0x0000000081d00000| PB 0x0000000081d00000| Untracked |  0
|  30|0x0000000081e00000, 0x0000000081e00000, 0x0000000081f00000|  0%| F|  |TAMS 0x0000000081e00000| PB 0x0000000081e00000| Untracked |  0
|  31|0x0000000081f00000, 0x0000000081f00000, 0x0000000082000000|  0%| F|  |TAMS 0x0000000081f00000| PB 0x0000000081f00000| Untracked |  0
|  32|0x0000000082000000, 0x0000000082000000, 0x0000000082100000|  0%| F|  |TAMS 0x0000000082000000| PB 0x0000000082000000| Untracked |  0
|  33|0x0000000082100000, 0x0000000082100000, 0x0000000082200000|  0%| F|  |TAMS 0x0000000082100000| PB 0x0000000082100000| Untracked |  0
|  34|0x0000000082200000, 0x0000000082200000, 0x0000000082300000|  0%| F|  |TAMS 0x0000000082200000| PB 0x0000000082200000| Untracked |  0
|  35|0x0000000082300000, 0x0000000082300000, 0x0000000082400000|  0%| F|  |TAMS 0x0000000082300000| PB 0x0000000082300000| Untracked |  0
|  36|0x0000000082400000, 0x0000000082400000, 0x0000000082500000|  0%| F|  |TAMS 0x0000000082400000| PB 0x0000000082400000| Untracked |  0
|  37|0x0000000082500000, 0x0000000082500000, 0x0000000082600000|  0%| F|  |TAMS 0x0000000082500000| PB 0x0000000082500000| Untracked |  0
|  38|0x0000000082600000, 0x0000000082600000, 0x0000000082700000|  0%| F|  |TAMS 0x0000000082600000| PB 0x0000000082600000| Untracked |  0
|  39|0x0000000082700000, 0x0000000082700000, 0x0000000082800000|  0%| F|  |TAMS 0x0000000082700000| PB 0x0000000082700000| Untracked |  0
|  40|0x0000000082800000, 0x0000000082800000, 0x0000000082900000|  0%| F|  |TAMS 0x0000000082800000| PB 0x0000000082800000| Untracked |  0
|  41|0x0000000082900000, 0x0000000082900000, 0x0000000082a00000|  0%| F|  |TAMS 0x0000000082900000| PB 0x0000000082900000| Untracked |  0
|  42|0x0000000082a00000, 0x0000000082a00000, 0x0000000082b00000|  0%| F|  |TAMS 0x0000000082a00000| PB 0x0000000082a00000| Untracked |  0
|  43|0x0000000082b00000, 0x0000000082b00000, 0x0000000082c00000|  0%| F|  |TAMS 0x0000000082b00000| PB 0x0000000082b00000| Untracked |  0
|  44|0x0000000082c00000, 0x0000000082c00000, 0x0000000082d00000|  0%| F|  |TAMS 0x0000000082c00000| PB 0x0000000082c00000| Untracked |  0
|  45|0x0000000082d00000, 0x0000000082d00000, 0x0000000082e00000|  0%| F|  |TAMS 0x0000000082d00000| PB 0x0000000082d00000| Untracked |  0
|  46|0x0000000082e00000, 0x0000000082e00000, 0x0000000082f00000|  0%| F|  |TAMS 0x0000000082e00000| PB 0x0000000082e00000| Untracked |  0
|  47|0x0000000082f00000, 0x0000000082f00000, 0x0000000083000000|  0%| F|  |TAMS 0x0000000082f00000| PB 0x0000000082f00000| Untracked |  0
|  48|0x0000000083000000, 0x0000000083000000, 0x0000000083100000|  0%| F|  |TAMS 0x0000000083000000| PB 0x0000000083000000| Untracked |  0
|  49|0x0000000083100000, 0x0000000083100000, 0x0000000083200000|  0%| F|  |TAMS 0x0000000083100000| PB 0x0000000083100000| Untracked |  0
|  50|0x0000000083200000, 0x0000000083200000, 0x0000000083300000|  0%| F|  |TAMS 0x0000000083200000| PB 0x0000000083200000| Untracked |  0
|  51|0x0000000083300000, 0x0000000083300000, 0x0000000083400000|  0%| F|  |TAMS 0x0000000083300000| PB 0x0000000083300000| Untracked |  0
|  52|0x0000000083400000, 0x0000000083400000, 0x0000000083500000|  0%| F|  |TAMS 0x0000000083400000| PB 0x0000000083400000| Untracked |  0
|  53|0x0000000083500000, 0x0000000083500000, 0x0000000083600000|  0%| F|  |TAMS 0x0000000083500000| PB 0x0000000083500000| Untracked |  0
|  54|0x0000000083600000, 0x0000000083600000, 0x0000000083700000|  0%| F|  |TAMS 0x0000000083600000| PB 0x0000000083600000| Untracked |  0
|  55|0x0000000083700000, 0x0000000083700000, 0x0000000083800000|  0%| F|  |TAMS 0x0000000083700000| PB 0x0000000083700000| Untracked |  0
|  56|0x0000000083800000, 0x0000000083800000, 0x0000000083900000|  0%| F|  |TAMS 0x0000000083800000| PB 0x0000000083800000| Untracked |  0
|  57|0x0000000083900000, 0x0000000083900000, 0x0000000083a00000|  0%| F|  |TAMS 0x0000000083900000| PB 0x0000000083900000| Untracked |  0
|  58|0x0000000083a00000, 0x0000000083b00000, 0x0000000083b00000|100%| S|CS|TAMS 0x0000000083a00000| PB 0x0000000083a00000| Complete |  0
|  59|0x0000000083b00000, 0x0000000083c00000, 0x0000000083c00000|100%| S|CS|TAMS 0x0000000083b00000| PB 0x0000000083b00000| Complete |  0
|  60|0x0000000083c00000, 0x0000000083d00000, 0x0000000083d00000|100%| S|CS|TAMS 0x0000000083c00000| PB 0x0000000083c00000| Complete |  0
|  61|0x0000000083d00000, 0x0000000083e00000, 0x0000000083e00000|100%| S|CS|TAMS 0x0000000083d00000| PB 0x0000000083d00000| Complete |  0
|  62|0x0000000083e00000, 0x0000000083f00000, 0x0000000083f00000|100%| S|CS|TAMS 0x0000000083e00000| PB 0x0000000083e00000| Complete |  0
|  63|0x0000000083f00000, 0x0000000084000000, 0x0000000084000000|100%| S|CS|TAMS 0x0000000083f00000| PB 0x0000000083f00000| Complete |  0
|  64|0x0000000084000000, 0x0000000084100000, 0x0000000084100000|100%| S|CS|TAMS 0x0000000084000000| PB 0x0000000084000000| Complete |  0
|  65|0x0000000084100000, 0x0000000084200000, 0x0000000084200000|100%| S|CS|TAMS 0x0000000084100000| PB 0x0000000084100000| Complete |  0
|  66|0x0000000084200000, 0x0000000084200000, 0x0000000084300000|  0%| F|  |TAMS 0x0000000084200000| PB 0x0000000084200000| Untracked |  0
|  67|0x0000000084300000, 0x0000000084300000, 0x0000000084400000|  0%| F|  |TAMS 0x0000000084300000| PB 0x0000000084300000| Untracked |  0
|  68|0x0000000084400000, 0x0000000084400000, 0x0000000084500000|  0%| F|  |TAMS 0x0000000084400000| PB 0x0000000084400000| Untracked |  0
|  69|0x0000000084500000, 0x0000000084500000, 0x0000000084600000|  0%| F|  |TAMS 0x0000000084500000| PB 0x0000000084500000| Untracked |  0
|  70|0x0000000084600000, 0x0000000084600000, 0x0000000084700000|  0%| F|  |TAMS 0x0000000084600000| PB 0x0000000084600000| Untracked |  0
|  71|0x0000000084700000, 0x0000000084700000, 0x0000000084800000|  0%| F|  |TAMS 0x0000000084700000| PB 0x0000000084700000| Untracked |  0
|  72|0x0000000084800000, 0x0000000084800000, 0x0000000084900000|  0%| F|  |TAMS 0x0000000084800000| PB 0x0000000084800000| Untracked |  0
|  73|0x0000000084900000, 0x0000000084900000, 0x0000000084a00000|  0%| F|  |TAMS 0x0000000084900000| PB 0x0000000084900000| Untracked |  0
|  74|0x0000000084a00000, 0x0000000084a00000, 0x0000000084b00000|  0%| F|  |TAMS 0x0000000084a00000| PB 0x0000000084a00000| Untracked |  0
|  75|0x0000000084b00000, 0x0000000084b00000, 0x0000000084c00000|  0%| F|  |TAMS 0x0000000084b00000| PB 0x0000000084b00000| Untracked |  0
|  76|0x0000000084c00000, 0x0000000084c00000, 0x0000000084d00000|  0%| F|  |TAMS 0x0000000084c00000| PB 0x0000000084c00000| Untracked |  0
|  77|0x0000000084d00000, 0x0000000084d00000, 0x0000000084e00000|  0%| F|  |TAMS 0x0000000084d00000| PB 0x0000000084d00000| Untracked |  0
|  78|0x0000000084e00000, 0x0000000084e00000, 0x0000000084f00000|  0%| F|  |TAMS 0x0000000084e00000| PB 0x0000000084e00000| Untracked |  0
|  79|0x0000000084f00000, 0x0000000084f00000, 0x0000000085000000|  0%| F|  |TAMS 0x0000000084f00000| PB 0x0000000084f00000| Untracked |  0
|  80|0x0000000085000000, 0x0000000085000000, 0x0000000085100000|  0%| F|  |TAMS 0x0000000085000000| PB 0x0000000085000000| Untracked |  0
|  81|0x0000000085100000, 0x0000000085100000, 0x0000000085200000|  0%| F|  |TAMS 0x0000000085100000| PB 0x0000000085100000| Untracked |  0
|  82|0x0000000085200000, 0x0000000085200000, 0x0000000085300000|  0%| F|  |TAMS 0x0000000085200000| PB 0x0000000085200000| Untracked |  0
|  83|0x0000000085300000, 0x0000000085300000, 0x0000000085400000|  0%| F|  |TAMS 0x0000000085300000| PB 0x0000000085300000| Untracked |  0
|  84|0x0000000085400000, 0x0000000085400000, 0x0000000085500000|  0%| F|  |TAMS 0x0000000085400000| PB 0x0000000085400000| Untracked |  0
|  85|0x0000000085500000, 0x0000000085500000, 0x0000000085600000|  0%| F|  |TAMS 0x0000000085500000| PB 0x0000000085500000| Untracked |  0
|  86|0x0000000085600000, 0x0000000085600000, 0x0000000085700000|  0%| F|  |TAMS 0x0000000085600000| PB 0x0000000085600000| Untracked |  0
|  87|0x0000000085700000, 0x0000000085700000, 0x0000000085800000|  0%| F|  |TAMS 0x0000000085700000| PB 0x0000000085700000| Untracked |  0
|  88|0x0000000085800000, 0x0000000085800000, 0x0000000085900000|  0%| F|  |TAMS 0x0000000085800000| PB 0x0000000085800000| Untracked |  0
|  89|0x0000000085900000, 0x0000000085900000, 0x0000000085a00000|  0%| F|  |TAMS 0x0000000085900000| PB 0x0000000085900000| Untracked |  0
|  90|0x0000000085a00000, 0x0000000085a00000, 0x0000000085b00000|  0%| F|  |TAMS 0x0000000085a00000| PB 0x0000000085a00000| Untracked |  0
|  91|0x0000000085b00000, 0x0000000085b00000, 0x0000000085c00000|  0%| F|  |TAMS 0x0000000085b00000| PB 0x0000000085b00000| Untracked |  0
|  92|0x0000000085c00000, 0x0000000085c00000, 0x0000000085d00000|  0%| F|  |TAMS 0x0000000085c00000| PB 0x0000000085c00000| Untracked |  0
|  93|0x0000000085d00000, 0x0000000085d9cdf8, 0x0000000085e00000| 61%| E|  |TAMS 0x0000000085d00000| PB 0x0000000085d00000| Complete |  0
|  94|0x0000000085e00000, 0x0000000085f00000, 0x0000000085f00000|100%| E|CS|TAMS 0x0000000085e00000| PB 0x0000000085e00000| Complete |  0
|  95|0x0000000085f00000, 0x0000000086000000, 0x0000000086000000|100%| E|CS|TAMS 0x0000000085f00000| PB 0x0000000085f00000| Complete |  0
|  96|0x0000000086000000, 0x0000000086100000, 0x0000000086100000|100%| E|CS|TAMS 0x0000000086000000| PB 0x0000000086000000| Complete |  0
|  97|0x0000000086100000, 0x0000000086200000, 0x0000000086200000|100%| E|CS|TAMS 0x0000000086100000| PB 0x0000000086100000| Complete |  0
|  98|0x0000000086200000, 0x0000000086300000, 0x0000000086300000|100%| E|CS|TAMS 0x0000000086200000| PB 0x0000000086200000| Complete |  0
|  99|0x0000000086300000, 0x0000000086400000, 0x0000000086400000|100%| E|CS|TAMS 0x0000000086300000| PB 0x0000000086300000| Complete |  0
| 100|0x0000000086400000, 0x0000000086500000, 0x0000000086500000|100%| E|CS|TAMS 0x0000000086400000| PB 0x0000000086400000| Complete |  0
| 101|0x0000000086500000, 0x0000000086600000, 0x0000000086600000|100%| E|CS|TAMS 0x0000000086500000| PB 0x0000000086500000| Complete |  0
| 102|0x0000000086600000, 0x0000000086700000, 0x0000000086700000|100%| E|CS|TAMS 0x0000000086600000| PB 0x0000000086600000| Complete |  0
| 103|0x0000000086700000, 0x0000000086800000, 0x0000000086800000|100%| E|CS|TAMS 0x0000000086700000| PB 0x0000000086700000| Complete |  0
| 104|0x0000000086800000, 0x0000000086900000, 0x0000000086900000|100%| E|CS|TAMS 0x0000000086800000| PB 0x0000000086800000| Complete |  0
| 105|0x0000000086900000, 0x0000000086a00000, 0x0000000086a00000|100%| E|  |TAMS 0x0000000086900000| PB 0x0000000086900000| Complete |  0
| 106|0x0000000086a00000, 0x0000000086b00000, 0x0000000086b00000|100%| E|CS|TAMS 0x0000000086a00000| PB 0x0000000086a00000| Complete |  0
| 107|0x0000000086b00000, 0x0000000086c00000, 0x0000000086c00000|100%| E|CS|TAMS 0x0000000086b00000| PB 0x0000000086b00000| Complete |  0
| 108|0x0000000086c00000, 0x0000000086d00000, 0x0000000086d00000|100%| E|CS|TAMS 0x0000000086c00000| PB 0x0000000086c00000| Complete |  0
| 109|0x0000000086d00000, 0x0000000086e00000, 0x0000000086e00000|100%| E|CS|TAMS 0x0000000086d00000| PB 0x0000000086d00000| Complete |  0
| 110|0x0000000086e00000, 0x0000000086f00000, 0x0000000086f00000|100%| E|CS|TAMS 0x0000000086e00000| PB 0x0000000086e00000| Complete |  0
| 111|0x0000000086f00000, 0x0000000087000000, 0x0000000087000000|100%| E|CS|TAMS 0x0000000086f00000| PB 0x0000000086f00000| Complete |  0
| 112|0x0000000087000000, 0x0000000087100000, 0x0000000087100000|100%| E|CS|TAMS 0x0000000087000000| PB 0x0000000087000000| Complete |  0
| 113|0x0000000087100000, 0x0000000087200000, 0x0000000087200000|100%| E|CS|TAMS 0x0000000087100000| PB 0x0000000087100000| Complete |  0
| 114|0x0000000087200000, 0x0000000087300000, 0x0000000087300000|100%| E|CS|TAMS 0x0000000087200000| PB 0x0000000087200000| Complete |  0
| 115|0x0000000087300000, 0x0000000087400000, 0x0000000087400000|100%| E|CS|TAMS 0x0000000087300000| PB 0x0000000087300000| Complete |  0
| 116|0x0000000087400000, 0x0000000087500000, 0x0000000087500000|100%| E|CS|TAMS 0x0000000087400000| PB 0x0000000087400000| Complete |  0
| 117|0x0000000087500000, 0x0000000087600000, 0x0000000087600000|100%| E|CS|TAMS 0x0000000087500000| PB 0x0000000087500000| Complete |  0
| 118|0x0000000087600000, 0x0000000087700000, 0x0000000087700000|100%| E|CS|TAMS 0x0000000087600000| PB 0x0000000087600000| Complete |  0
| 119|0x0000000087700000, 0x0000000087800000, 0x0000000087800000|100%| E|CS|TAMS 0x0000000087700000| PB 0x0000000087700000| Complete |  0
| 120|0x0000000087800000, 0x0000000087900000, 0x0000000087900000|100%| E|CS|TAMS 0x0000000087800000| PB 0x0000000087800000| Complete |  0
| 121|0x0000000087900000, 0x0000000087a00000, 0x0000000087a00000|100%| E|CS|TAMS 0x0000000087900000| PB 0x0000000087900000| Complete |  0
| 122|0x0000000087a00000, 0x0000000087b00000, 0x0000000087b00000|100%| E|CS|TAMS 0x0000000087a00000| PB 0x0000000087a00000| Complete |  0
| 123|0x0000000087b00000, 0x0000000087c00000, 0x0000000087c00000|100%| E|CS|TAMS 0x0000000087b00000| PB 0x0000000087b00000| Complete |  0
| 124|0x0000000087c00000, 0x0000000087d00000, 0x0000000087d00000|100%| E|CS|TAMS 0x0000000087c00000| PB 0x0000000087c00000| Complete |  0
| 125|0x0000000087d00000, 0x0000000087e00000, 0x0000000087e00000|100%| E|CS|TAMS 0x0000000087d00000| PB 0x0000000087d00000| Complete |  0

Card table byte_map: [0x000001ee3f1c0000,0x000001ee3f5c0000] _byte_map_base: 0x000001ee3edc0000

Marking Bits: (CMBitMap*) 0x000001ee272ae3f0
 Bits: [0x000001ee3f5c0000, 0x000001ee415c0000)

Polling page: 0x000001ee250d0000

Metaspace:

Usage:
  Non-class:     15.34 MB used.
      Class:      2.61 MB used.
       Both:     17.95 MB used.

Virtual space:
  Non-class space:       64.00 MB reserved,      15.69 MB ( 25%) committed,  1 nodes.
      Class space:        1.00 GB reserved,       2.88 MB ( <1%) committed,  1 nodes.
             Both:        1.06 GB reserved,      18.56 MB (  2%) committed. 

Chunk freelists:
   Non-Class:  15.52 MB
       Class:  13.17 MB
        Both:  28.69 MB

MaxMetaspaceSize: unlimited
CompressedClassSpaceSize: 1.00 GB
Initial GC threshold: 21.00 MB
Current GC threshold: 21.00 MB
CDS: on
 - commit_granule_bytes: 65536.
 - commit_granule_words: 8192.
 - virtual_space_node_default_size: 8388608.
 - enlarge_chunks_in_place: 1.
 - use_allocation_guard: 0.


Internal statistics:

num_allocs_failed_limit: 0.
num_arena_births: 780.
num_arena_deaths: 0.
num_vsnodes_births: 2.
num_vsnodes_deaths: 0.
num_space_committed: 297.
num_space_uncommitted: 0.
num_chunks_returned_to_freelist: 0.
num_chunks_taken_from_freelist: 1425.
num_chunk_merges: 0.
num_chunk_splits: 935.
num_chunks_enlarged: 643.
num_inconsistent_stats: 0.

CodeHeap 'non-profiled nmethods': size=120064Kb used=1216Kb max_used=1216Kb free=118847Kb
 bounds [0x000001ee37440000, 0x000001ee376b0000, 0x000001ee3e980000]
CodeHeap 'profiled nmethods': size=120000Kb used=4524Kb max_used=4524Kb free=115475Kb
 bounds [0x000001ee2f980000, 0x000001ee2fdf0000, 0x000001ee36eb0000]
CodeHeap 'non-nmethods': size=5696Kb used=1645Kb max_used=1693Kb free=4051Kb
 bounds [0x000001ee36eb0000, 0x000001ee37120000, 0x000001ee37440000]
CodeCache: size=245760Kb, used=7385Kb, max_used=7433Kb, free=238373Kb
 total_blobs=3635, nmethods=3043, adapters=497, full_count=0
Compilation: enabled, stopped_count=0, restarted_count=0

Compilation events (20 events):
Event: 3.809 Thread 0x000001ee43fb9780 3040       3       jdk.internal.classfile.impl.AbstractPoolEntry$FieldRefEntryImpl::clone (6 bytes)
Event: 3.809 Thread 0x000001ee43fb9780 nmethod 3040 0x000001ee2fde6d88 code [0x000001ee2fde6ea0, 0x000001ee2fde6fd8]
Event: 3.809 Thread 0x000001ee43fb9780 3041       3       jdk.internal.classfile.impl.AbstractPoolEntry$FieldRefEntryImpl::clone (38 bytes)
Event: 3.809 Thread 0x000001ee43fb9780 nmethod 3041 0x000001ee2fde7088 code [0x000001ee2fde71e0, 0x000001ee2fde76d0]
Event: 3.809 Thread 0x000001ee43fb9780 3043       3       jdk.internal.classfile.impl.AttributeHolder::isPresent (46 bytes)
Event: 3.810 Thread 0x000001ee43fb9780 nmethod 3043 0x000001ee2fde7708 code [0x000001ee2fde7880, 0x000001ee2fde7ea0]
Event: 3.810 Thread 0x000001ee43fb9780 3042       1       jdk.internal.classfile.impl.AbstractInstruction$UnboundTypeCheckInstruction::type (5 bytes)
Event: 3.810 Thread 0x000001ee43fb9780 nmethod 3042 0x000001ee3756fb08 code [0x000001ee3756fc20, 0x000001ee3756fce8]
Event: 3.810 Thread 0x000001ee43fb9780 3044       1       jdk.internal.classfile.impl.DirectFieldBuilder::setFlags (6 bytes)
Event: 3.810 Thread 0x000001ee43fb9780 nmethod 3044 0x000001ee3756fe08 code [0x000001ee3756ff20, 0x000001ee3756ffe8]
Event: 3.810 Thread 0x000001ee43fb9780 3045       3       jdk.internal.constant.MethodTypeDescImpl::ofValidated (27 bytes)
Event: 3.810 Thread 0x000001ee43fb9780 nmethod 3045 0x000001ee2fde7f08 code [0x000001ee2fde8060, 0x000001ee2fde8558]
Event: 3.810 Thread 0x000001ee43fb9780 3047       3       jdk.internal.classfile.impl.AbstractPoolEntry$Utf8EntryImpl::charAt (62 bytes)
Event: 3.811 Thread 0x000001ee43fb9780 nmethod 3047 0x000001ee2fde8588 code [0x000001ee2fde8720, 0x000001ee2fde8e40]
Event: 3.811 Thread 0x000001ee43fb9780 3046       3       jdk.internal.constant.MethodTypeDescImpl::<init> (15 bytes)
Event: 3.811 Thread 0x000001ee43fb9780 nmethod 3046 0x000001ee2fde8f08 code [0x000001ee2fde9020, 0x000001ee2fde9240]
Event: 3.811 Thread 0x000001ee43fb9780 3048       3       jdk.internal.classfile.impl.ClassReaderImpl::checkType (58 bytes)
Event: 3.811 Thread 0x000001ee43fb9780 nmethod 3048 0x000001ee2fde9288 code [0x000001ee2fde94c0, 0x000001ee2fde9f78]
Event: 3.813 Thread 0x000001ee43fb9780 3049       3       jdk.internal.loader.AbstractClassLoaderValue$Sub::equals (55 bytes)
Event: 3.814 Thread 0x000001ee43fb9780 nmethod 3049 0x000001ee2fdea008 code [0x000001ee2fdea180, 0x000001ee2fdea840]

GC Heap History (6 events):
Event: 0.876 GC heap before
{Heap before GC invocations=0 (full 0):
 garbage-first heap   total reserved 2097152K, committed 129024K, used 27648K [0x0000000080000000, 0x0000000100000000)
  region size 1024K, 24 young (24576K), 0 survivors (0K)
 Metaspace       used 3517K, committed 3712K, reserved 1114112K
  class space    used 469K, committed 576K, reserved 1048576K
}
Event: 0.884 GC heap after
{Heap after GC invocations=1 (full 0):
 garbage-first heap   total reserved 2097152K, committed 129024K, used 10495K [0x0000000080000000, 0x0000000100000000)
  region size 1024K, 3 young (3072K), 3 survivors (3072K)
 Metaspace       used 3517K, committed 3712K, reserved 1114112K
  class space    used 469K, committed 576K, reserved 1048576K
}
Event: 1.302 GC heap before
{Heap before GC invocations=1 (full 0):
 garbage-first heap   total reserved 2097152K, committed 129024K, used 31999K [0x0000000080000000, 0x0000000100000000)
  region size 1024K, 24 young (24576K), 3 survivors (3072K)
 Metaspace       used 4356K, committed 4608K, reserved 1114112K
  class space    used 559K, committed 704K, reserved 1048576K
}
Event: 1.306 GC heap after
{Heap after GC invocations=2 (full 0):
 garbage-first heap   total reserved 2097152K, committed 129024K, used 11834K [0x0000000080000000, 0x0000000100000000)
  region size 1024K, 1 young (1024K), 1 survivors (1024K)
 Metaspace       used 4356K, committed 4608K, reserved 1114112K
  class space    used 559K, committed 704K, reserved 1048576K
}
Event: 2.722 GC heap before
{Heap before GC invocations=2 (full 0):
 garbage-first heap   total reserved 2097152K, committed 129024K, used 72250K [0x0000000080000000, 0x0000000100000000)
  region size 1024K, 60 young (61440K), 1 survivors (1024K)
 Metaspace       used 13505K, committed 13888K, reserved 1114112K
  class space    used 1878K, committed 2048K, reserved 1048576K
}
Event: 2.729 GC heap after
{Heap after GC invocations=3 (full 0):
 garbage-first heap   total reserved 2097152K, committed 129024K, used 20307K [0x0000000080000000, 0x0000000100000000)
  region size 1024K, 8 young (8192K), 8 survivors (8192K)
 Metaspace       used 13505K, committed 13888K, reserved 1114112K
  class space    used 1878K, committed 2048K, reserved 1048576K
}

Dll operation events (15 events):
Event: 0.007 Loaded shared library C:\Program Files\Java\jdk-23\bin\java.dll
Event: 0.039 Loaded shared library C:\Program Files\Java\jdk-23\bin\jsvml.dll
Event: 0.099 Loaded shared library C:\Program Files\Java\jdk-23\bin\zip.dll
Event: 0.104 Loaded shared library C:\Program Files\Java\jdk-23\bin\instrument.dll
Event: 0.108 Loaded shared library C:\Program Files\Java\jdk-23\bin\net.dll
Event: 0.110 Loaded shared library C:\Program Files\Java\jdk-23\bin\nio.dll
Event: 0.117 Loaded shared library C:\Program Files\Java\jdk-23\bin\zip.dll
Event: 0.474 Loaded shared library C:\Program Files\Java\jdk-23\bin\jimage.dll
Event: 0.546 Loaded shared library C:\Program Files\Java\jdk-23\bin\verify.dll
Event: 0.737 Loaded shared library C:\Users\HUAWEI\.gradle\native\c067742578af261105cb4f569cf0c3c89f3d7b1fecec35dd04571415982c5e48\windows-amd64\native-platform.dll
Event: 0.749 Loaded shared library C:\Users\HUAWEI\.gradle\native\38dada09dfb8b06ba9b0570ebf7e218e3eb74d4ef43ca46872605cf95ebc2f47\windows-amd64\native-platform-file-events.dll
Event: 1.811 Loaded shared library C:\Program Files\Java\jdk-23\bin\management.dll
Event: 1.813 Loaded shared library C:\Program Files\Java\jdk-23\bin\management_ext.dll
Event: 2.055 Loaded shared library C:\Program Files\Java\jdk-23\bin\extnet.dll
Event: 2.322 Loaded shared library C:\Program Files\Java\jdk-23\bin\sunmscapi.dll

Deoptimization events (20 events):
Event: 2.911 Thread 0x000001ee8b0c8ed0 Uncommon trap: trap_request=0xffffff45 fr.pc=0x000001ee374660c4 relative=0x0000000000000c64
Event: 2.911 Thread 0x000001ee8b0c8ed0 Uncommon trap: reason=unstable_if action=reinterpret pc=0x000001ee374660c4 method=java.io.WinNTFileSystem.resolve(Ljava/lang/String;Ljava/lang/String;)Ljava/lang/String; @ 42 c2
Event: 2.911 Thread 0x000001ee8b0c8ed0 DEOPT PACKING pc=0x000001ee374660c4 sp=0x000000de9f5fbea0
Event: 2.911 Thread 0x000001ee8b0c8ed0 DEOPT UNPACKING pc=0x000001ee36f07982 sp=0x000000de9f5fbe38 mode 2
Event: 2.913 Thread 0x000001ee8b0c8ed0 Uncommon trap: trap_request=0xffffff45 fr.pc=0x000001ee374aef28 relative=0x00000000000005e8
Event: 2.913 Thread 0x000001ee8b0c8ed0 Uncommon trap: reason=unstable_if action=reinterpret pc=0x000001ee374aef28 method=java.io.File.getName()Ljava/lang/String; @ 16 c2
Event: 2.913 Thread 0x000001ee8b0c8ed0 DEOPT PACKING pc=0x000001ee374aef28 sp=0x000000de9f5fbe70
Event: 2.913 Thread 0x000001ee8b0c8ed0 DEOPT UNPACKING pc=0x000001ee36f07982 sp=0x000000de9f5fbe40 mode 2
Event: 3.005 Thread 0x000001ee8b0c8ed0 Uncommon trap: trap_request=0xffffff45 fr.pc=0x000001ee374cd96c relative=0x00000000000007ac
Event: 3.005 Thread 0x000001ee8b0c8ed0 Uncommon trap: reason=unstable_if action=reinterpret pc=0x000001ee374cd96c method=java.util.ArrayList.grow(I)[Ljava/lang/Object; @ 17 c2
Event: 3.005 Thread 0x000001ee8b0c8ed0 DEOPT PACKING pc=0x000001ee374cd96c sp=0x000000de9f5fd810
Event: 3.005 Thread 0x000001ee8b0c8ed0 DEOPT UNPACKING pc=0x000001ee36f07982 sp=0x000000de9f5fd6a8 mode 2
Event: 3.029 Thread 0x000001ee8b0c8ed0 Uncommon trap: trap_request=0xffffffcc fr.pc=0x000001ee3754b88c relative=0x000000000000034c
Event: 3.029 Thread 0x000001ee8b0c8ed0 Uncommon trap: reason=intrinsic_or_type_checked_inlining action=make_not_entrant pc=0x000001ee3754b88c method=java.util.Arrays.copyOf([Ljava/lang/Object;ILjava/lang/Class;)[Ljava/lang/Object; @ 35 c2
Event: 3.029 Thread 0x000001ee8b0c8ed0 DEOPT PACKING pc=0x000001ee3754b88c sp=0x000000de9f5fd090
Event: 3.029 Thread 0x000001ee8b0c8ed0 DEOPT UNPACKING pc=0x000001ee36f07982 sp=0x000000de9f5fd038 mode 2
Event: 3.029 Thread 0x000001ee8b0c8ed0 Uncommon trap: trap_request=0xffffff45 fr.pc=0x000001ee3752dfa0 relative=0x0000000000000f00
Event: 3.030 Thread 0x000001ee8b0c8ed0 Uncommon trap: reason=unstable_if action=reinterpret pc=0x000001ee3752dfa0 method=jdk.internal.org.objectweb.asm.Frame.execute(IILjdk/internal/org/objectweb/asm/Symbol;Ljdk/internal/org/objectweb/asm/SymbolTable;)V @ 1 c2
Event: 3.030 Thread 0x000001ee8b0c8ed0 DEOPT PACKING pc=0x000001ee3752dfa0 sp=0x000000de9f5fd170
Event: 3.030 Thread 0x000001ee8b0c8ed0 DEOPT UNPACKING pc=0x000001ee36f07982 sp=0x000000de9f5fd0f8 mode 2

Classes loaded (20 events):
Event: 3.049 Loading class java/lang/invoke/BoundMethodHandle$Species_LLLLLLLLLLLLLLLLLLLLLL
Event: 3.049 Loading class java/lang/invoke/BoundMethodHandle$Species_LLLLLLLLLLLLLLLLLLLLLL done
Event: 3.051 Loading class java/lang/invoke/BoundMethodHandle$Species_LLLLLLLLLLLLLLLLLLLLLLL
Event: 3.051 Loading class java/lang/invoke/BoundMethodHandle$Species_LLLLLLLLLLLLLLLLLLLLLLL done
Event: 3.481 Loading class java/util/function/LongFunction
Event: 3.482 Loading class java/util/function/LongFunction done
Event: 3.537 Loading class java/security/InvalidKeyException
Event: 3.537 Loading class java/security/KeyException
Event: 3.537 Loading class java/security/KeyException done
Event: 3.537 Loading class java/security/InvalidKeyException done
Event: 3.664 Loading class java/io/ObjectInputStream
Event: 3.665 Loading class java/io/ObjectInput
Event: 3.665 Loading class java/io/ObjectInput done
Event: 3.665 Loading class java/io/ObjectStreamConstants
Event: 3.666 Loading class java/io/ObjectStreamConstants done
Event: 3.667 Loading class java/io/ObjectInputStream done
Event: 3.668 Loading class java/io/ObjectOutputStream
Event: 3.668 Loading class java/io/ObjectOutput
Event: 3.669 Loading class java/io/ObjectOutput done
Event: 3.669 Loading class java/io/ObjectOutputStream done

Classes unloaded (0 events):
No events

Classes redefined (0 events):
No events

Internal exceptions (20 events):
Event: 3.030 Thread 0x000001ee8b0c8ed0 Exception <a 'java/lang/NoSuchMethodError'{0x0000000086dc0318}: 'java.lang.Object java.lang.invoke.DirectMethodHandle$Holder.invokeStatic(java.lang.Object, java.lang.Object, java.lang.Object, java.lang.Object, java.lang.Object, java.lang.Object, java.lang.Object, java.lang.Object, java.lang.Object, java.lang.Object, java.lang.Object, java.lang.Object, java.lang.Object, java.lang.Object, java.lang.Object)'> (0x0000000086dc0318) 
thrown [s\open\src\hotspot\share\interpreter\linkResolver.cpp, line 796]
Event: 3.032 Thread 0x000001ee8b0c8ed0 Exception <a 'java/lang/NoSuchMethodError'{0x0000000086de4c08}: 'java.lang.Object java.lang.invoke.DirectMethodHandle$Holder.invokeStatic(java.lang.Object, java.lang.Object, java.lang.Object, java.lang.Object, java.lang.Object, java.lang.Object, java.lang.Object, java.lang.Object, java.lang.Object, java.lang.Object, java.lang.Object, java.lang.Object, java.lang.Object, java.lang.Object, java.lang.Object, java.lang.Object)'> (0x0000000086de4c08) 
thrown [s\open\src\hotspot\share\interpreter\linkResolver.cpp
Event: 3.034 Thread 0x000001ee8b0c8ed0 Exception <a 'java/lang/NoSuchMethodError'{0x0000000086c0d7c0}: 'java.lang.Object java.lang.invoke.DirectMethodHandle$Holder.invokeStatic(java.lang.Object, java.lang.Object, java.lang.Object, java.lang.Object, java.lang.Object, java.lang.Object, java.lang.Object, java.lang.Object, java.lang.Object, java.lang.Object, java.lang.Object, java.lang.Object, java.lang.Object, java.lang.Object, java.lang.Object, java.lang.Object, java.lang.Object)'> (0x0000000086c0d7c0) 
thrown [s\open\src\hotspot\share\interprete
Event: 3.036 Thread 0x000001ee8b0c8ed0 Exception <a 'java/lang/NoSuchMethodError'{0x0000000086c365a0}: 'java.lang.Object java.lang.invoke.DirectMethodHandle$Holder.invokeStatic(java.lang.Object, java.lang.Object, java.lang.Object, java.lang.Object, java.lang.Object, java.lang.Object, java.lang.Object, java.lang.Object, java.lang.Object, java.lang.Object, java.lang.Object, java.lang.Object, java.lang.Object, java.lang.Object, java.lang.Object, java.lang.Object, java.lang.Object, java.lang.Object)'> (0x0000000086c365a0) 
thrown [s\open\src\hotspo
Event: 3.038 Thread 0x000001ee8b0c8ed0 Exception <a 'java/lang/NoSuchMethodError'{0x0000000086c608e8}: 'java.lang.Object java.lang.invoke.DirectMethodHandle$Holder.invokeStatic(java.lang.Object, java.lang.Object, java.lang.Object, java.lang.Object, java.lang.Object, java.lang.Object, java.lang.Object, java.lang.Object, java.lang.Object, java.lang.Object, java.lang.Object, java.lang.Object, java.lang.Object, java.lang.Object, java.lang.Object, java.lang.Object, java.lang.Object, java.lang.Object, java.lang.Object)'> (0x0000000086c608e8) 
thrown 
Event: 3.041 Thread 0x000001ee8b0c8ed0 Exception <a 'java/lang/NoSuchMethodError'{0x0000000086c8bdf0}: 'java.lang.Object java.lang.invoke.DirectMethodHandle$Holder.invokeStatic(java.lang.Object, java.lang.Object, java.lang.Object, java.lang.Object, java.lang.Object, java.lang.Object, java.lang.Object, java.lang.Object, java.lang.Object, java.lang.Object, java.lang.Object, java.lang.Object, java.lang.Object, java.lang.Object, java.lang.Object, java.lang.Object, java.lang.Object, java.lang.Object, java.lang.Object, java.lang.Object)'> (0x00000000
Event: 3.043 Thread 0x000001ee8b0c8ed0 Exception <a 'java/lang/NoSuchMethodError'{0x0000000086cb8780}: 'java.lang.Object java.lang.invoke.DirectMethodHandle$Holder.invokeStatic(java.lang.Object, java.lang.Object, java.lang.Object, java.lang.Object, java.lang.Object, java.lang.Object, java.lang.Object, java.lang.Object, java.lang.Object, java.lang.Object, java.lang.Object, java.lang.Object, java.lang.Object, java.lang.Object, java.lang.Object, java.lang.Object, java.lang.Object, java.lang.Object, java.lang.Object, java.lang.Object, java.lang.Obj
Event: 3.045 Thread 0x000001ee8b0c8ed0 Exception <a 'java/lang/NoSuchMethodError'{0x0000000086ce5f78}: 'java.lang.Object java.lang.invoke.DirectMethodHandle$Holder.invokeStatic(java.lang.Object, java.lang.Object, java.lang.Object, java.lang.Object, java.lang.Object, java.lang.Object, java.lang.Object, java.lang.Object, java.lang.Object, java.lang.Object, java.lang.Object, java.lang.Object, java.lang.Object, java.lang.Object, java.lang.Object, java.lang.Object, java.lang.Object, java.lang.Object, java.lang.Object, java.lang.Object, java.lang.Obj
Event: 3.047 Thread 0x000001ee8b0c8ed0 Exception <a 'java/lang/NoSuchMethodError'{0x0000000086b14ce8}: 'java.lang.Object java.lang.invoke.DirectMethodHandle$Holder.invokeStatic(java.lang.Object, java.lang.Object, java.lang.Object, java.lang.Object, java.lang.Object, java.lang.Object, java.lang.Object, java.lang.Object, java.lang.Object, java.lang.Object, java.lang.Object, java.lang.Object, java.lang.Object, java.lang.Object, java.lang.Object, java.lang.Object, java.lang.Object, java.lang.Object, java.lang.Object, java.lang.Object, java.lang.Obj
Event: 3.049 Thread 0x000001ee8b0c8ed0 Exception <a 'java/lang/NoSuchMethodError'{0x0000000086b43f30}: 'java.lang.Object java.lang.invoke.DirectMethodHandle$Holder.invokeStatic(java.lang.Object, java.lang.Object, java.lang.Object, java.lang.Object, java.lang.Object, java.lang.Object, java.lang.Object, java.lang.Object, java.lang.Object, java.lang.Object, java.lang.Object, java.lang.Object, java.lang.Object, java.lang.Object, java.lang.Object, java.lang.Object, java.lang.Object, java.lang.Object, java.lang.Object, java.lang.Object, java.lang.Obj
Event: 3.050 Thread 0x000001ee8b0c8ed0 Exception <a 'java/lang/NoSuchMethodError'{0x0000000086b73f80}: 'java.lang.Object java.lang.invoke.DirectMethodHandle$Holder.invokeStatic(java.lang.Object, java.lang.Object, java.lang.Object, java.lang.Object, java.lang.Object, java.lang.Object, java.lang.Object, java.lang.Object, java.lang.Object, java.lang.Object, java.lang.Object, java.lang.Object, java.lang.Object, java.lang.Object, java.lang.Object, java.lang.Object, java.lang.Object, java.lang.Object, java.lang.Object, java.lang.Object, java.lang.Obj
Event: 3.052 Thread 0x000001ee8b0c8ed0 Exception <a 'java/lang/NoSuchMethodError'{0x0000000086ba6020}: 'java.lang.Object java.lang.invoke.DirectMethodHandle$Holder.invokeStatic(java.lang.Object, java.lang.Object, java.lang.Object, java.lang.Object, java.lang.Object, java.lang.Object, java.lang.Object, java.lang.Object, java.lang.Object, java.lang.Object, java.lang.Object, java.lang.Object, java.lang.Object, java.lang.Object, java.lang.Object, java.lang.Object, java.lang.Object, java.lang.Object, java.lang.Object, java.lang.Object, java.lang.Obj
Event: 3.641 Thread 0x000001ee8b0c8ed0 Exception <a 'java/lang/IncompatibleClassChangeError'{0x0000000086333b10}: Found class java.lang.Object, but interface was expected> (0x0000000086333b10) 
thrown [s\open\src\hotspot\share\interpreter\linkResolver.cpp, line 863]
Event: 3.647 Thread 0x000001ee8b0c8ed0 Exception <a 'java/lang/NoSuchMethodError'{0x000000008636a030}: 'java.lang.Object java.lang.invoke.DirectMethodHandle$Holder.newInvokeSpecial(java.lang.Object, java.lang.Object, java.lang.Object, java.lang.Object, java.lang.Object, java.lang.Object, java.lang.Object, java.lang.Object, java.lang.Object, java.lang.Object, java.lang.Object, java.lang.Object, java.lang.Object, java.lang.Object)'> (0x000000008636a030) 
thrown [s\open\src\hotspot\share\interpreter\linkResolver.cpp, line 796]
Event: 3.647 Thread 0x000001ee8b0c8ed0 Exception <a 'java/lang/NoSuchMethodError'{0x000000008636f718}: 'java.lang.Object java.lang.invoke.DirectMethodHandle$Holder.invokeSpecial(java.lang.Object, java.lang.Object, java.lang.Object, java.lang.Object, java.lang.Object, java.lang.Object, java.lang.Object, java.lang.Object, java.lang.Object, java.lang.Object, java.lang.Object, java.lang.Object, java.lang.Object, java.lang.Object, java.lang.Object)'> (0x000000008636f718) 
thrown [s\open\src\hotspot\share\interpreter\linkResolver.cpp, line 796]
Event: 3.647 Thread 0x000001ee8b0c8ed0 Exception <a 'java/lang/NoSuchMethodError'{0x0000000086374070}: 'java.lang.Object java.lang.invoke.DelegatingMethodHandle$Holder.reinvoke_L(java.lang.Object, java.lang.Object, java.lang.Object, java.lang.Object, java.lang.Object, java.lang.Object, java.lang.Object, java.lang.Object, java.lang.Object, java.lang.Object, java.lang.Object, java.lang.Object, java.lang.Object, java.lang.Object)'> (0x0000000086374070) 
thrown [s\open\src\hotspot\share\interpreter\linkResolver.cpp, line 796]
Event: 3.679 Thread 0x000001ee8b0c8ed0 Exception <a 'java/lang/NoSuchMethodError'{0x00000000862c7b78}: 'java.lang.Object java.lang.invoke.DirectMethodHandle$Holder.newInvokeSpecial(java.lang.Object, java.lang.Object, java.lang.Object, java.lang.Object, java.lang.Object, java.lang.Object, java.lang.Object)'> (0x00000000862c7b78) 
thrown [s\open\src\hotspot\share\interpreter\linkResolver.cpp, line 796]
Event: 3.694 Thread 0x000001ee8b0c8ed0 Exception <a 'java/lang/NoSuchMethodError'{0x000000008613bad8}: 'java.lang.Object java.lang.invoke.DirectMethodHandle$Holder.invokeVirtual(java.lang.Object, java.lang.Object, java.lang.Object, java.lang.Object, java.lang.Object, java.lang.Object, java.lang.Object, java.lang.Object, java.lang.Object, java.lang.Object, java.lang.Object, java.lang.Object, java.lang.Object, java.lang.Object, java.lang.Object, java.lang.Object, java.lang.Object, java.lang.Object, java.lang.Object, java.lang.Object, java.lang.Ob
Event: 3.694 Thread 0x000001ee8b0c8ed0 Exception <a 'java/lang/NoSuchMethodError'{0x0000000086141f78}: 'java.lang.Object java.lang.invoke.DirectMethodHandle$Holder.invokeSpecial(java.lang.Object, java.lang.Object, java.lang.Object, java.lang.Object, java.lang.Object, java.lang.Object, java.lang.Object, java.lang.Object, java.lang.Object, java.lang.Object, java.lang.Object, java.lang.Object, java.lang.Object, java.lang.Object, java.lang.Object, java.lang.Object, java.lang.Object, java.lang.Object, java.lang.Object, java.lang.Object, java.lang.Ob
Event: 3.695 Thread 0x000001ee8b0c8ed0 Exception <a 'java/lang/NoSuchMethodError'{0x0000000086147998}: 'java.lang.Object java.lang.invoke.DelegatingMethodHandle$Holder.reinvoke_L(java.lang.Object, java.lang.Object, java.lang.Object, java.lang.Object, java.lang.Object, java.lang.Object, java.lang.Object, java.lang.Object, java.lang.Object, java.lang.Object, java.lang.Object, java.lang.Object, java.lang.Object, java.lang.Object, java.lang.Object, java.lang.Object, java.lang.Object, java.lang.Object, java.lang.Object, java.lang.Object, java.lang.O

VM Operations (20 events):
Event: 1.888 Executing VM operation: HandshakeAllThreads (Deoptimize)
Event: 1.888 Executing VM operation: HandshakeAllThreads (Deoptimize) done
Event: 1.930 Executing VM operation: HandshakeAllThreads (Deoptimize)
Event: 1.930 Executing VM operation: HandshakeAllThreads (Deoptimize) done
Event: 1.947 Executing VM operation: HandshakeAllThreads (Deoptimize)
Event: 1.947 Executing VM operation: HandshakeAllThreads (Deoptimize) done
Event: 2.020 Executing VM operation: HandshakeAllThreads (Deoptimize)
Event: 2.020 Executing VM operation: HandshakeAllThreads (Deoptimize) done
Event: 2.260 Executing VM operation: HandshakeAllThreads (Deoptimize)
Event: 2.260 Executing VM operation: HandshakeAllThreads (Deoptimize) done
Event: 2.667 Executing VM operation: HandshakeAllThreads (Deoptimize)
Event: 2.667 Executing VM operation: HandshakeAllThreads (Deoptimize) done
Event: 2.722 Executing VM operation: G1CollectForAllocation (G1 Evacuation Pause)
Event: 2.729 Executing VM operation: G1CollectForAllocation (G1 Evacuation Pause) done
Event: 2.836 Executing VM operation: HandshakeAllThreads (Deoptimize)
Event: 2.836 Executing VM operation: HandshakeAllThreads (Deoptimize) done
Event: 3.061 Executing VM operation: HandshakeAllThreads (Deoptimize)
Event: 3.061 Executing VM operation: HandshakeAllThreads (Deoptimize) done
Event: 3.061 Executing VM operation: HandshakeAllThreads (Deoptimize)
Event: 3.061 Executing VM operation: HandshakeAllThreads (Deoptimize) done

Memory protections (0 events):
No events

Nmethod flushes (0 events):
No events

Events (20 events):
Event: 0.036 Thread 0x000001ee24e967c0 Thread added: 0x000001ee43faf5e0
Event: 0.036 Thread 0x000001ee24e967c0 Thread added: 0x000001ee43fb07e0
Event: 0.036 Thread 0x000001ee24e967c0 Thread added: 0x000001ee43fb3d20
Event: 0.037 Thread 0x000001ee24e967c0 Thread added: 0x000001ee43fb9780
Event: 0.056 Thread 0x000001ee24e967c0 Thread added: 0x000001ee43f78e80
Event: 0.080 Thread 0x000001ee43fb9780 Thread added: 0x000001ee4432edc0
Event: 0.229 Thread 0x000001ee24e967c0 Thread added: 0x000001ee44421bc0
Event: 1.854 Thread 0x000001ee24e967c0 Thread added: 0x000001ee8b01f250
Event: 2.117 Thread 0x000001ee24e967c0 Thread added: 0x000001ee8b06ffc0
Event: 2.230 Thread 0x000001ee24e967c0 Thread added: 0x000001ee8b328c50
Event: 2.350 Thread 0x000001ee8b06ffc0 Thread added: 0x000001ee8b0b5ce0
Event: 2.353 Thread 0x000001ee8b0b5ce0 Thread added: 0x000001ee8b0b7360
Event: 2.391 Thread 0x000001ee8b0b5ce0 Thread added: 0x000001ee8b0c8860
Event: 2.398 Thread 0x000001ee8b0b5ce0 Thread added: 0x000001ee8b0c8ed0
Event: 2.411 Thread 0x000001ee8b0c8ed0 Thread added: 0x000001ee8b1d93f0
Event: 2.416 Thread 0x000001ee8b0c8ed0 Thread added: 0x000001ee8b1d86d0
Event: 2.420 Thread 0x000001ee8b0c8ed0 Thread added: 0x000001ee8b1d9a80
Event: 2.836 Thread 0x000001ee8b0c8ed0 Thread added: 0x000001ee8b1dae30
Event: 2.844 Thread 0x000001ee8b0c8ed0 Thread added: 0x000001ee8b1da7a0
Event: 2.881 Thread 0x000001ee8b0c8ed0 Thread added: 0x000001ee8b1d79b0


Dynamic libraries:
0x00007ff6638e0000 - 0x00007ff6638f0000 	C:\Program Files\Java\jdk-23\bin\java.exe
0x00007ff994570000 - 0x00007ff994787000 	C:\WINDOWS\SYSTEM32\ntdll.dll
0x00007ff993560000 - 0x00007ff993624000 	C:\WINDOWS\System32\KERNEL32.DLL
0x00007ff991b00000 - 0x00007ff991ed1000 	C:\WINDOWS\System32\KERNELBASE.dll
0x00007ff991870000 - 0x00007ff991981000 	C:\WINDOWS\System32\ucrtbase.dll
0x00007ff989750000 - 0x00007ff989767000 	C:\Program Files\Java\jdk-23\bin\jli.dll
0x00007ff989730000 - 0x00007ff98974b000 	C:\Program Files\Java\jdk-23\bin\VCRUNTIME140.dll
0x00007ff992370000 - 0x00007ff992521000 	C:\WINDOWS\System32\USER32.dll
0x00007ff991ee0000 - 0x00007ff991f06000 	C:\WINDOWS\System32\win32u.dll
0x00007ff993fc0000 - 0x00007ff993fe9000 	C:\WINDOWS\System32\GDI32.dll
0x00007ff992070000 - 0x00007ff99218b000 	C:\WINDOWS\System32\gdi32full.dll
0x00007ff97f100000 - 0x00007ff97f392000 	C:\WINDOWS\WinSxS\amd64_microsoft.windows.common-controls_6595b64144ccf1df_6.0.22621.4830_none_270fe7d773858e80\COMCTL32.dll
0x00007ff991f10000 - 0x00007ff991faa000 	C:\WINDOWS\System32\msvcp_win.dll
0x00007ff994390000 - 0x00007ff994437000 	C:\WINDOWS\System32\msvcrt.dll
0x00007ff9941b0000 - 0x00007ff9941e1000 	C:\WINDOWS\System32\IMM32.DLL
0x00007ff98d450000 - 0x00007ff98d45c000 	C:\Program Files\Java\jdk-23\bin\vcruntime140_1.dll
0x00007ff97e230000 - 0x00007ff97e2be000 	C:\Program Files\Java\jdk-23\bin\msvcp140.dll
0x00007ff924760000 - 0x00007ff9254af000 	C:\Program Files\Java\jdk-23\bin\server\jvm.dll
0x00007ff992250000 - 0x00007ff992301000 	C:\WINDOWS\System32\ADVAPI32.dll
0x00007ff9937e0000 - 0x00007ff993887000 	C:\WINDOWS\System32\sechost.dll
0x00007ff992210000 - 0x00007ff992238000 	C:\WINDOWS\System32\bcrypt.dll
0x00007ff992530000 - 0x00007ff992644000 	C:\WINDOWS\System32\RPCRT4.dll
0x00007ff9934e0000 - 0x00007ff993551000 	C:\WINDOWS\System32\WS2_32.dll
0x00007ff990f10000 - 0x00007ff990f5d000 	C:\WINDOWS\SYSTEM32\POWRPROF.dll
0x00007ff98f0f0000 - 0x00007ff98f124000 	C:\WINDOWS\SYSTEM32\WINMM.dll
0x00007ff97a380000 - 0x00007ff97a38a000 	C:\WINDOWS\SYSTEM32\VERSION.dll
0x00007ff990ea0000 - 0x00007ff990eb3000 	C:\WINDOWS\SYSTEM32\UMPDC.dll
0x00007ff9906c0000 - 0x00007ff9906d8000 	C:\WINDOWS\SYSTEM32\kernel.appcore.dll
0x00007ff98ce20000 - 0x00007ff98ce2a000 	C:\Program Files\Java\jdk-23\bin\jimage.dll
0x00007ff98e940000 - 0x00007ff98eb72000 	C:\WINDOWS\SYSTEM32\DBGHELP.DLL
0x00007ff992650000 - 0x00007ff9929e0000 	C:\WINDOWS\System32\combase.dll
0x00007ff994450000 - 0x00007ff994527000 	C:\WINDOWS\System32\OLEAUT32.dll
0x00007ff972270000 - 0x00007ff9722a2000 	C:\WINDOWS\SYSTEM32\dbgcore.DLL
0x00007ff992190000 - 0x00007ff99220b000 	C:\WINDOWS\System32\bcryptPrimitives.dll
0x00007ff98bad0000 - 0x00007ff98badf000 	C:\Program Files\Java\jdk-23\bin\instrument.dll
0x00007ff989540000 - 0x00007ff98955e000 	C:\Program Files\Java\jdk-23\bin\java.dll
0x00007ff993630000 - 0x00007ff9937d1000 	C:\WINDOWS\System32\ole32.dll
0x00007ff992c50000 - 0x00007ff9934d8000 	C:\WINDOWS\System32\SHELL32.dll
0x00007ff991730000 - 0x00007ff99186f000 	C:\WINDOWS\System32\wintypes.dll
0x00007ff98f5c0000 - 0x00007ff98fecd000 	C:\WINDOWS\SYSTEM32\windows.storage.dll
0x00007ff9929e0000 - 0x00007ff992aea000 	C:\WINDOWS\System32\SHCORE.dll
0x00007ff992310000 - 0x00007ff99236e000 	C:\WINDOWS\System32\shlwapi.dll
0x00007ff9915e0000 - 0x00007ff99160b000 	C:\WINDOWS\SYSTEM32\profapi.dll
0x00007ff97c5c0000 - 0x00007ff97c697000 	C:\Program Files\Java\jdk-23\bin\jsvml.dll
0x00007ff988b20000 - 0x00007ff988b37000 	C:\Program Files\Java\jdk-23\bin\zip.dll
0x00007ff98bbc0000 - 0x00007ff98bbd0000 	C:\Program Files\Java\jdk-23\bin\net.dll
0x00007ff990ba0000 - 0x00007ff990c0a000 	C:\WINDOWS\system32\mswsock.dll
0x00007ff9894b0000 - 0x00007ff9894c6000 	C:\Program Files\Java\jdk-23\bin\nio.dll
0x00007ff989e50000 - 0x00007ff989e60000 	C:\Program Files\Java\jdk-23\bin\verify.dll
0x00007ff97e860000 - 0x00007ff97e887000 	C:\Users\HUAWEI\.gradle\native\c067742578af261105cb4f569cf0c3c89f3d7b1fecec35dd04571415982c5e48\windows-amd64\native-platform.dll
0x00007ff966060000 - 0x00007ff9661a4000 	C:\Users\HUAWEI\.gradle\native\38dada09dfb8b06ba9b0570ebf7e218e3eb74d4ef43ca46872605cf95ebc2f47\windows-amd64\native-platform-file-events.dll
0x00007ff98bcf0000 - 0x00007ff98bcfa000 	C:\Program Files\Java\jdk-23\bin\management.dll
0x00007ff98bce0000 - 0x00007ff98bceb000 	C:\Program Files\Java\jdk-23\bin\management_ext.dll
0x00007ff993e00000 - 0x00007ff993e08000 	C:\WINDOWS\System32\PSAPI.DLL
0x00007ff990dd0000 - 0x00007ff990deb000 	C:\WINDOWS\SYSTEM32\CRYPTSP.dll
0x00007ff990620000 - 0x00007ff990657000 	C:\WINDOWS\system32\rsaenh.dll
0x00007ff990c60000 - 0x00007ff990c88000 	C:\WINDOWS\SYSTEM32\USERENV.dll
0x00007ff990df0000 - 0x00007ff990dfc000 	C:\WINDOWS\SYSTEM32\CRYPTBASE.dll
0x00007ff990120000 - 0x00007ff99014d000 	C:\WINDOWS\SYSTEM32\IPHLPAPI.DLL
0x00007ff993df0000 - 0x00007ff993df9000 	C:\WINDOWS\System32\NSI.dll
0x00007ff98bae0000 - 0x00007ff98bae9000 	C:\Program Files\Java\jdk-23\bin\extnet.dll
0x00007ff9898c0000 - 0x00007ff9898ce000 	C:\Program Files\Java\jdk-23\bin\sunmscapi.dll
0x00007ff991990000 - 0x00007ff991af6000 	C:\WINDOWS\System32\CRYPT32.dll
0x00007ff991070000 - 0x00007ff99109d000 	C:\WINDOWS\SYSTEM32\ncrypt.dll
0x00007ff991030000 - 0x00007ff991067000 	C:\WINDOWS\SYSTEM32\NTASN1.dll
0x00007ff97cb20000 - 0x00007ff97cb28000 	C:\WINDOWS\system32\wshunix.dll

dbghelp: loaded successfully - version: 4.0.5 - missing functions: none
symbol engine: initialized successfully - sym options: 0x614 - pdb path: .;C:\Program Files\Java\jdk-23\bin;C:\WINDOWS\SYSTEM32;C:\WINDOWS\WinSxS\amd64_microsoft.windows.common-controls_6595b64144ccf1df_6.0.22621.4830_none_270fe7d773858e80;C:\Program Files\Java\jdk-23\bin\server;C:\Users\HUAWEI\.gradle\native\c067742578af261105cb4f569cf0c3c89f3d7b1fecec35dd04571415982c5e48\windows-amd64;C:\Users\HUAWEI\.gradle\native\38dada09dfb8b06ba9b0570ebf7e218e3eb74d4ef43ca46872605cf95ebc2f47\windows-amd64

VM Arguments:
jvm_args: --add-opens=java.base/java.util=ALL-UNNAMED --add-opens=java.base/java.lang=ALL-UNNAMED --add-opens=java.base/java.lang.invoke=ALL-UNNAMED --add-opens=java.prefs/java.util.prefs=ALL-UNNAMED --add-opens=java.base/java.nio.charset=ALL-UNNAMED --add-opens=java.base/java.net=ALL-UNNAMED --add-opens=java.base/java.util.concurrent.atomic=ALL-UNNAMED -Xmx2048m -Dfile.encoding=UTF-8 -Duser.country=RU -Duser.language=ru -Duser.variant -javaagent:C:\Users\HUAWEI\.gradle\wrapper\dists\gradle-8.7-bin\bhs2wmbdwecv87pi65oeuq5iu\gradle-8.7\lib\agents\gradle-instrumentation-agent-8.7.jar 
java_command: org.gradle.launcher.daemon.bootstrap.GradleDaemon 8.7
java_class_path (initial): C:\Users\HUAWEI\.gradle\wrapper\dists\gradle-8.7-bin\bhs2wmbdwecv87pi65oeuq5iu\gradle-8.7\lib\gradle-launcher-8.7.jar
Launcher Type: SUN_STANDARD

[Global flags]
     intx CICompilerCount                          = 4                                         {product} {ergonomic}
     uint ConcGCThreads                            = 2                                         {product} {ergonomic}
     uint G1ConcRefinementThreads                  = 8                                         {product} {ergonomic}
   size_t G1HeapRegionSize                         = 1048576                                   {product} {ergonomic}
   size_t InitialHeapSize                          = 132120576                                 {product} {ergonomic}
   size_t MarkStackSize                            = 4194304                                   {product} {ergonomic}
   size_t MarkStackSizeMax                         = 536870912                                 {product} {ergonomic}
   size_t MaxHeapSize                              = 2147483648                                {product} {command line}
   size_t MaxNewSize                               = 1287651328                                {product} {ergonomic}
   size_t MinHeapDeltaBytes                        = 1048576                                   {product} {ergonomic}
   size_t MinHeapSize                              = 8388608                                   {product} {ergonomic}
    uintx NonNMethodCodeHeapSize                   = 5832704                                {pd product} {ergonomic}
    uintx NonProfiledCodeHeapSize                  = 122945536                              {pd product} {ergonomic}
    uintx ProfiledCodeHeapSize                     = 122880000                              {pd product} {ergonomic}
    uintx ReservedCodeCacheSize                    = 251658240                              {pd product} {ergonomic}
     bool SegmentedCodeCache                       = true                                      {product} {ergonomic}
   size_t SoftMaxHeapSize                          = 2147483648                             {manageable} {ergonomic}
     bool UseCompressedOops                        = true                           {product lp64_product} {ergonomic}
     bool UseG1GC                                  = true                                      {product} {ergonomic}
     bool UseLargePagesIndividualAllocation        = false                                  {pd product} {ergonomic}

Logging:
Log output configuration:
 #0: stdout all=warning uptime,level,tags foldmultilines=false
 #1: stderr all=off uptime,level,tags foldmultilines=false

Environment Variables:
JAVA_HOME=C:\Program Files\Java\jdk-23
CLASSPATH=C:\Users\HUAWEI\Desktop\ChatLibrary\\gradle\wrapper\gradle-wrapper.jar
PATH=C:\Program Files\Common Files\Oracle\Java\javapath;C:\Program Files\nodejs\;C:\Python\Python311;C:\Users\HUAWEI\Downloads\gradle-8.12-bin\gradle-8.12\bin;C:\Program Files\Java\jdk-23\bin;C:\Program Files\Git\cmd;C:\Program Files\PostgreSQL\17\bin;C:\Program Files\PostgreSQL\17\data;C:\Program Files\PowerShell\7\;C:\Program Files\Docker\Docker\resources\bin;C:\Python\Python311\Scripts\;C:\Users\HUAWEI\AppData\Roaming\npm;C:\Users\HUAWEI\AppData\Local\Programs\Microsoft VS Code\bin;C:\Python\Python311;C:\Users\HUAWEI\Downloads\gradle-8.12-bin\gradle-8.12\bin;C:\Program Files\Java\jdk-23\bin;C:\Program Files\PostgreSQL\17\data;C:\Program Files\PostgreSQL\17\bin;C:\Python\Python311\Scripts\;
USERNAME=GALYMZHAN MUSSILIMOV
OS=Windows_NT
PROCESSOR_IDENTIFIER=Intel64 Family 6 Model 140 Stepping 1, GenuineIntel
TMP=C:\Users\HUAWEI\AppData\Local\Temp
TEMP=C:\Users\HUAWEI\AppData\Local\Temp




Periodic native trim disabled

---------------  S Y S T E M  ---------------

OS:
 Windows 11 , 64 bit Build 22621 (10.0.22621.4974)
OS uptime: 1 days 1:04 hours
Hyper-V role detected

CPU: total 8 (initial active 8) (4 cores per cpu, 2 threads per core) family 6 model 140 stepping 1 microcode 0x8a, cx8, cmov, fxsr, ht, mmx, 3dnowpref, sse, sse2, sse3, ssse3, sse4.1, sse4.2, popcnt, lzcnt, tsc, tscinvbit, avx, avx2, aes, erms, clmul, bmi1, bmi2, adx, avx512f, avx512dq, avx512cd, avx512bw, avx512vl, sha, fma, vzeroupper, avx512_vpopcntdq, avx512_vpclmulqdq, avx512_vaes, avx512_vnni, clflush, clflushopt, clwb, avx512_vbmi2, avx512_vbmi, hv, rdtscp, rdpid, fsrm, gfni, avx512_bitalg, f16c, cet_ibt, cet_ss, avx512_ifma
Processor Information for the first 8 processors :
  Max Mhz: 2419, Current Mhz: 2419, Mhz Limit: 2419

Memory: 4k page, system-wide physical 7991M (423M free)
TotalPageFile size 12087M (AvailPageFile size 5M)
current process WorkingSet (physical memory assigned to process): 216M, peak: 216M
current process commit charge ("private bytes"): 309M, peak: 310M

vm_info: Java HotSpot(TM) 64-Bit Server VM (23.0.1+11-39) for windows-amd64 JRE (23.0.1+11-39), built on 2024-09-30T07:20:43Z with MS VC++ 17.6 (VS2022)

END.
