#
# There is insufficient memory for the Java Runtime Environment to continue.
# Native memory allocation (malloc) failed to allocate 579088 bytes. Error detail: Chunk::new
# Possible reasons:
#   The system is out of physical RAM or swap space
#   This process is running with CompressedOops enabled, and the Java Heap may be blocking the growth of the native heap
# Possible solutions:
#   Reduce memory load on the system
#   Increase physical memory or swap space
#   Check if swap backing store is full
#   Decrease Java heap size (-Xmx/-Xms)
#   Decrease number of Java threads
#   Decrease Java thread stack sizes (-Xss)
#   Set larger code cache with -XX:ReservedCodeCacheSize=
#   JVM is running with Unscaled Compressed Oops mode in which the Java heap is
#     placed in the first 4GB address space. The Java Heap base address is the
#     maximum limit for the native heap growth. Please use -XX:HeapBaseMinAddress
#     to set the Java Heap base and to place the Java Heap above 4GB virtual address.
# This output file may be truncated or incomplete.
#
#  Out of Memory Error (arena.cpp:191), pid=3284, tid=14116
#
# JRE version: OpenJDK Runtime Environment Temurin-17.0.13+11 (17.0.13+11) (build 17.0.13+11)
# Java VM: OpenJDK 64-Bit Server VM Temurin-17.0.13+11 (17.0.13+11, mixed mode, tiered, compressed oops, compressed class ptrs, parallel gc, windows-amd64)
# No core dump will be written. Minidumps are not enabled by default on client versions of Windows
#

---------------  S U M M A R Y ------------

Command Line: --add-modules=ALL-SYSTEM --add-opens=java.base/java.util=ALL-UNNAMED --add-opens=java.base/java.lang=ALL-UNNAMED --add-opens=java.base/sun.nio.fs=ALL-UNNAMED -Declipse.application=org.eclipse.jdt.ls.core.id1 -Dosgi.bundles.defaultStartLevel=4 -Declipse.product=org.eclipse.jdt.ls.core.product -Djava.import.generatesMetadataFilesAtProjectRoot=false -DDetectVMInstallationsJob.disabled=true -Dfile.encoding=utf8 -XX:+UseParallelGC -XX:GCTimeRatio=4 -XX:AdaptiveSizePolicyWeight=90 -Dsun.zip.disableMemoryMapping=true -Xmx1G -Xms100m -Xlog:disable -javaagent:c:\Users\HUAWEI\.vscode\extensions\redhat.java-1.38.0-win32-x64\lombok\lombok-1.18.34.jar -XX:+HeapDumpOnOutOfMemoryError -XX:HeapDumpPath=c:\Users\HUAWEI\AppData\Roaming\Code\User\workspaceStorage\949561c26b9acebfa09b2120ba622da9\redhat.java -Daether.dependencyCollector.impl=bf c:\Users\HUAWEI\.vscode\extensions\redhat.java-1.38.0-win32-x64\server\plugins\org.eclipse.equinox.launcher_1.6.900.v20240613-2009.jar -configuration c:\Users\HUAWEI\AppData\Roaming\Code\User\globalStorage\redhat.java\1.38.0\config_win -data c:\Users\HUAWEI\AppData\Roaming\Code\User\workspaceStorage\949561c26b9acebfa09b2120ba622da9\redhat.java\jdt_ws --pipe=\\.\pipe\lsp-29d0baf75d217fb3a0243c487bf58cb2-sock

Host: 11th Gen Intel(R) Core(TM) i5-1135G7 @ 2.40GHz, 8 cores, 7G,  Windows 11 , 64 bit Build 22621 (10.0.22621.4830)
Time: Sun Mar  2 11:15:06 2025  Windows 11 , 64 bit Build 22621 (10.0.22621.4830) elapsed time: 4.062039 seconds (0d 0h 0m 4s)

---------------  T H R E A D  ---------------

Current thread (0x000001f575cb3b80):  JavaThread "C2 CompilerThread1" daemon [_thread_in_native, id=14116, stack(0x00000020c7a00000,0x00000020c7b00000)]


Current CompileTask:
C2:   4062 4193   !   4       org.eclipse.osgi.internal.loader.classpath.ClasspathManager::findClassImpl (308 bytes)

Stack: [0x00000020c7a00000,0x00000020c7b00000]
Native frames: (J=compiled Java code, j=interpreted, Vv=VM code, C=native code)
V  [jvm.dll+0x682a19]
V  [jvm.dll+0x839538]
V  [jvm.dll+0x83afe3]
V  [jvm.dll+0x83b653]
V  [jvm.dll+0x24704f]
V  [jvm.dll+0xace34]
V  [jvm.dll+0xad4cc]
V  [jvm.dll+0x11dd54]
V  [jvm.dll+0x614a93]
V  [jvm.dll+0x61312c]
V  [jvm.dll+0x217ece]
V  [jvm.dll+0x21748f]
V  [jvm.dll+0x1a3070]
V  [jvm.dll+0x22788c]
V  [jvm.dll+0x2259eb]
V  [jvm.dll+0x7eec98]
V  [jvm.dll+0x7e8ffc]
V  [jvm.dll+0x6818f7]
C  [ucrtbase.dll+0x29333]
C  [KERNEL32.DLL+0x1259d]
C  [ntdll.dll+0x5af38]


---------------  P R O C E S S  ---------------

Threads class SMR info:
_java_thread_list=0x000001f576acd2d0, length=39, elements={
0x000001f55ad845a0, 0x000001f56ec07020, 0x000001f56ec092a0, 0x000001f573d1d0d0,
0x000001f573d1daa0, 0x000001f573d4abb0, 0x000001f573d4d590, 0x000001f573d531a0,
0x000001f573d54300, 0x000001f573d59090, 0x000001f55ade7fe0, 0x000001f574085ab0,
0x000001f57596a090, 0x000001f5755b5d80, 0x000001f57564b010, 0x000001f57564c0d0,
0x000001f575da6410, 0x000001f575b616c0, 0x000001f575b5f860, 0x000001f575cb3b80,
0x000001f575b60790, 0x000001f575b61bd0, 0x000001f575b611b0, 0x000001f575b620e0,
0x000001f575b5fd70, 0x000001f575b5ee40, 0x000001f575b5f350, 0x000001f575b60ca0,
0x000001f575b60280, 0x000001f5764879b0, 0x000001f576485130, 0x000001f576487ec0,
0x000001f576485640, 0x000001f576486570, 0x000001f5764883d0, 0x000001f576485b50,
0x000001f576486a80, 0x000001f5764874a0, 0x000001f576486060
}

Java Threads: ( => current thread )
  0x000001f55ad845a0 JavaThread "main" [_thread_blocked, id=4220, stack(0x00000020c6d00000,0x00000020c6e00000)]
  0x000001f56ec07020 JavaThread "Reference Handler" daemon [_thread_blocked, id=8088, stack(0x00000020c7000000,0x00000020c7100000)]
  0x000001f56ec092a0 JavaThread "Finalizer" daemon [_thread_blocked, id=14036, stack(0x00000020c7100000,0x00000020c7200000)]
  0x000001f573d1d0d0 JavaThread "Signal Dispatcher" daemon [_thread_blocked, id=6268, stack(0x00000020c7200000,0x00000020c7300000)]
  0x000001f573d1daa0 JavaThread "Attach Listener" daemon [_thread_blocked, id=9620, stack(0x00000020c7300000,0x00000020c7400000)]
  0x000001f573d4abb0 JavaThread "Service Thread" daemon [_thread_blocked, id=11496, stack(0x00000020c7400000,0x00000020c7500000)]
  0x000001f573d4d590 JavaThread "Monitor Deflation Thread" daemon [_thread_blocked, id=10276, stack(0x00000020c7500000,0x00000020c7600000)]
  0x000001f573d531a0 JavaThread "C2 CompilerThread0" daemon [_thread_in_native, id=2044, stack(0x00000020c7600000,0x00000020c7700000)]
  0x000001f573d54300 JavaThread "C1 CompilerThread0" daemon [_thread_blocked, id=10584, stack(0x00000020c7700000,0x00000020c7800000)]
  0x000001f573d59090 JavaThread "Sweeper thread" daemon [_thread_blocked, id=1440, stack(0x00000020c7800000,0x00000020c7900000)]
  0x000001f55ade7fe0 JavaThread "Common-Cleaner" daemon [_thread_blocked, id=14364, stack(0x00000020c7900000,0x00000020c7a00000)]
  0x000001f574085ab0 JavaThread "Notification Thread" daemon [_thread_blocked, id=10500, stack(0x00000020c7b00000,0x00000020c7c00000)]
  0x000001f57596a090 JavaThread "Active Thread: Equinox Container: 18bf5f30-6faf-4484-b93a-f609800d7c6f" [_thread_blocked, id=11356, stack(0x00000020c8400000,0x00000020c8500000)]
  0x000001f5755b5d80 JavaThread "Refresh Thread: Equinox Container: 18bf5f30-6faf-4484-b93a-f609800d7c6f" daemon [_thread_blocked, id=9488, stack(0x00000020c8500000,0x00000020c8600000)]
  0x000001f57564b010 JavaThread "Framework Event Dispatcher: Equinox Container: 18bf5f30-6faf-4484-b93a-f609800d7c6f" daemon [_thread_blocked, id=3708, stack(0x00000020c8600000,0x00000020c8700000)]
  0x000001f57564c0d0 JavaThread "Start Level: Equinox Container: 18bf5f30-6faf-4484-b93a-f609800d7c6f" daemon [_thread_blocked, id=18048, stack(0x00000020c8700000,0x00000020c8800000)]
  0x000001f575da6410 JavaThread "Bundle File Closer" daemon [_thread_blocked, id=10072, stack(0x00000020c8900000,0x00000020c8a00000)]
  0x000001f575b616c0 JavaThread "SCR Component Actor" daemon [_thread_blocked, id=1416, stack(0x00000020c8a00000,0x00000020c8b00000)]
  0x000001f575b5f860 JavaThread "SCR Component Registry" daemon [_thread_blocked, id=6128, stack(0x00000020c8b00000,0x00000020c8c00000)]
=>0x000001f575cb3b80 JavaThread "C2 CompilerThread1" daemon [_thread_in_native, id=14116, stack(0x00000020c7a00000,0x00000020c7b00000)]
  0x000001f575b60790 JavaThread "Worker-JM" [_thread_blocked, id=488, stack(0x00000020c7d00000,0x00000020c7e00000)]
  0x000001f575b61bd0 JavaThread "Worker-0: Repository registry initialization" [_thread_blocked, id=16556, stack(0x00000020c8c00000,0x00000020c8d00000)]
  0x000001f575b611b0 JavaThread "Worker-1" [_thread_blocked, id=18256, stack(0x00000020c8d00000,0x00000020c8e00000)]
  0x000001f575b620e0 JavaThread "Worker-2: Updating Maven Dependencies" [_thread_in_Java, id=15316, stack(0x00000020c8e00000,0x00000020c8f00000)]
  0x000001f575b5fd70 JavaThread "Java indexing" daemon [_thread_blocked, id=7304, stack(0x00000020c8f00000,0x00000020c9000000)]
  0x000001f575b5ee40 JavaThread "JNA Cleaner" daemon [_thread_blocked, id=7656, stack(0x00000020c9000000,0x00000020c9100000)]
  0x000001f575b5f350 JavaThread "Thread-2" daemon [_thread_in_native, id=13716, stack(0x00000020c9100000,0x00000020c9200000)]
  0x000001f575b60ca0 JavaThread "Thread-3" daemon [_thread_in_native, id=8884, stack(0x00000020c9200000,0x00000020c9300000)]
  0x000001f575b60280 JavaThread "Thread-4" daemon [_thread_in_native, id=2836, stack(0x00000020c9300000,0x00000020c9400000)]
  0x000001f5764879b0 JavaThread "Thread-5" daemon [_thread_in_native, id=9752, stack(0x00000020c9400000,0x00000020c9500000)]
  0x000001f576485130 JavaThread "Thread-6" daemon [_thread_in_native, id=14396, stack(0x00000020c9500000,0x00000020c9600000)]
  0x000001f576487ec0 JavaThread "Thread-7" daemon [_thread_in_native, id=10360, stack(0x00000020c9600000,0x00000020c9700000)]
  0x000001f576485640 JavaThread "Thread-8" daemon [_thread_in_native, id=10480, stack(0x00000020c9700000,0x00000020c9800000)]
  0x000001f576486570 JavaThread "Thread-9" daemon [_thread_in_native, id=2220, stack(0x00000020c9800000,0x00000020c9900000)]
  0x000001f5764883d0 JavaThread "Thread-10" daemon [_thread_in_native, id=10912, stack(0x00000020c9900000,0x00000020c9a00000)]
  0x000001f576485b50 JavaThread "pool-2-thread-1" [_thread_blocked, id=6916, stack(0x00000020c9a00000,0x00000020c9b00000)]
  0x000001f576486a80 JavaThread "WorkspaceEventsHandler" [_thread_blocked, id=8528, stack(0x00000020c9b00000,0x00000020c9c00000)]
  0x000001f5764874a0 JavaThread "pool-1-thread-1" [_thread_blocked, id=1880, stack(0x00000020c9c00000,0x00000020c9d00000)]
  0x000001f576486060 JavaThread "Worker-3" [_thread_blocked, id=14784, stack(0x00000020c9d00000,0x00000020c9e00000)]

Other Threads:
  0x000001f55ae0e000 VMThread "VM Thread" [stack: 0x00000020c6f00000,0x00000020c7000000] [id=1544]
  0x000001f5740ce160 WatcherThread [stack: 0x00000020c7c00000,0x00000020c7d00000] [id=2884]
  0x000001f55ad99920 GCTaskThread "GC Thread#0" [stack: 0x00000020c6e00000,0x00000020c6f00000] [id=10580]
  0x000001f5759733f0 GCTaskThread "GC Thread#1" [stack: 0x00000020c7e00000,0x00000020c7f00000] [id=5332]
  0x000001f575973ac0 GCTaskThread "GC Thread#2" [stack: 0x00000020c7f00000,0x00000020c8000000] [id=18368]
  0x000001f575501c90 GCTaskThread "GC Thread#3" [stack: 0x00000020c8000000,0x00000020c8100000] [id=16204]
  0x000001f575501f50 GCTaskThread "GC Thread#4" [stack: 0x00000020c8100000,0x00000020c8200000] [id=11688]
  0x000001f575502210 GCTaskThread "GC Thread#5" [stack: 0x00000020c8200000,0x00000020c8300000] [id=14048]
  0x000001f5755024d0 GCTaskThread "GC Thread#6" [stack: 0x00000020c8300000,0x00000020c8400000] [id=12236]
  0x000001f5753f3730 GCTaskThread "GC Thread#7" [stack: 0x00000020c8800000,0x00000020c8900000] [id=16368]

Threads with active compile tasks:
C2 CompilerThread0     4088 4195   !   4       org.eclipse.osgi.internal.loader.classpath.ClasspathManager::findLocalClass (210 bytes)
C2 CompilerThread1     4088 4193   !   4       org.eclipse.osgi.internal.loader.classpath.ClasspathManager::findClassImpl (308 bytes)

VM state: not at safepoint (normal execution)

VM Mutex/Monitor currently owned by a thread: None

Heap address: 0x00000000c0000000, size: 1024 MB, Compressed Oops mode: 32-bit

CDS archive(s) not mapped
Compressed class space mapped at: 0x0000000100000000-0x0000000140000000, reserved size: 1073741824
Narrow klass base: 0x0000000000000000, Narrow klass shift: 3, Narrow klass range: 0x140000000

GC Precious Log:
 CPUs: 8 total, 8 available
 Memory: 7991M
 Large Page Support: Disabled
 NUMA Support: Disabled
 Compressed Oops: Enabled (32-bit)
 Alignments: Space 512K, Generation 512K, Heap 2M
 Heap Min Capacity: 100M
 Heap Initial Capacity: 100M
 Heap Max Capacity: 1G
 Pre-touch: Disabled
 Parallel Workers: 8

Heap:
 PSYoungGen      total 23552K, used 12535K [0x00000000eab00000, 0x00000000ec680000, 0x0000000100000000)
  eden space 22528K, 52% used [0x00000000eab00000,0x00000000eb675d50,0x00000000ec100000)
  from space 1024K, 78% used [0x00000000ec580000,0x00000000ec648000,0x00000000ec680000)
  to   space 1024K, 0% used [0x00000000ec480000,0x00000000ec480000,0x00000000ec580000)
 ParOldGen       total 68608K, used 16200K [0x00000000c0000000, 0x00000000c4300000, 0x00000000eab00000)
  object space 68608K, 23% used [0x00000000c0000000,0x00000000c0fd23d8,0x00000000c4300000)
 Metaspace       used 42141K, committed 43008K, reserved 1114112K
  class space    used 4343K, committed 4672K, reserved 1048576K

Card table byte_map: [0x000001f55a710000,0x000001f55a920000] _byte_map_base: 0x000001f55a110000

Marking Bits: (ParMarkBitMap*) 0x00007ffcb1e26940
 Begin Bits: [0x000001f56ca10000, 0x000001f56da10000)
 End Bits:   [0x000001f56da10000, 0x000001f56ea10000)

Polling page: 0x000001f558d20000

Metaspace:

Usage:
  Non-class:     36.91 MB used.
      Class:      4.24 MB used.
       Both:     41.15 MB used.

Virtual space:
  Non-class space:       64.00 MB reserved,      37.44 MB ( 58%) committed,  1 nodes.
      Class space:        1.00 GB reserved,       4.56 MB ( <1%) committed,  1 nodes.
             Both:        1.06 GB reserved,      42.00 MB (  4%) committed. 

Chunk freelists:
   Non-Class:  10.58 MB
       Class:  11.33 MB
        Both:  21.91 MB

MaxMetaspaceSize: unlimited
CompressedClassSpaceSize: 1.00 GB
Initial GC threshold: 21.00 MB
Current GC threshold: 58.38 MB
CDS: off
MetaspaceReclaimPolicy: balanced
 - commit_granule_bytes: 65536.
 - commit_granule_words: 8192.
 - virtual_space_node_default_size: 8388608.
 - enlarge_chunks_in_place: 1.
 - new_chunks_are_fully_committed: 0.
 - uncommit_free_chunks: 1.
 - use_allocation_guard: 0.
 - handle_deallocations: 1.


Internal statistics:

num_allocs_failed_limit: 6.
num_arena_births: 512.
num_arena_deaths: 14.
num_vsnodes_births: 2.
num_vsnodes_deaths: 0.
num_space_committed: 672.
num_space_uncommitted: 0.
num_chunks_returned_to_freelist: 20.
num_chunks_taken_from_freelist: 1872.
num_chunk_merges: 11.
num_chunk_splits: 1235.
num_chunks_enlarged: 844.
num_inconsistent_stats: 0.

CodeHeap 'non-profiled nmethods': size=120000Kb used=2067Kb max_used=2067Kb free=117932Kb
 bounds [0x000001f5654e0000, 0x000001f565750000, 0x000001f56ca10000]
CodeHeap 'profiled nmethods': size=120000Kb used=9019Kb max_used=9019Kb free=110980Kb
 bounds [0x000001f55da10000, 0x000001f55e2e0000, 0x000001f564f40000]
CodeHeap 'non-nmethods': size=5760Kb used=1300Kb max_used=1333Kb free=4459Kb
 bounds [0x000001f564f40000, 0x000001f5651b0000, 0x000001f5654e0000]
 total_blobs=4919 nmethods=4298 adapters=534
 compilation: enabled
              stopped_count=0, restarted_count=0
 full_count=0

Compilation events (20 events):
Event: 4.045 Thread 0x000001f573d54300 4287       3       org.codehaus.plexus.util.xml.pull.MXParser::parseStartTag (1190 bytes)
Event: 4.049 Thread 0x000001f573d54300 nmethod 4287 0x000001f55e2c4b90 code [0x000001f55e2c55e0, 0x000001f55e2caf18]
Event: 4.049 Thread 0x000001f573d54300 4285       3       org.codehaus.plexus.util.xml.pull.MXParser::isNameStartChar (56 bytes)
Event: 4.050 Thread 0x000001f573d54300 nmethod 4285 0x000001f55e2cd410 code [0x000001f55e2cd5c0, 0x000001f55e2cd858]
Event: 4.050 Thread 0x000001f573d54300 4289       1       org.codehaus.plexus.util.xml.pull.MXParser::getEventType (5 bytes)
Event: 4.050 Thread 0x000001f573d54300 nmethod 4289 0x000001f5656e4710 code [0x000001f5656e48a0, 0x000001f5656e4978]
Event: 4.050 Thread 0x000001f573d54300 4296       3       org.codehaus.plexus.util.xml.pull.MXParser::isWhitespace (114 bytes)
Event: 4.050 Thread 0x000001f573d54300 nmethod 4296 0x000001f55e2cd910 code [0x000001f55e2cdb20, 0x000001f55e2ce328]
Event: 4.050 Thread 0x000001f573d54300 4297       3       org.codehaus.plexus.util.xml.pull.MXParser::nextTag (82 bytes)
Event: 4.051 Thread 0x000001f573d54300 nmethod 4297 0x000001f55e2ce590 code [0x000001f55e2ce820, 0x000001f55e2cf1c8]
Event: 4.052 Thread 0x000001f573d54300 4299       3       org.codehaus.plexus.util.xml.pull.MXParser::ensureElementsCapacity (265 bytes)
Event: 4.053 Thread 0x000001f573d54300 nmethod 4299 0x000001f55e2cf590 code [0x000001f55e2cf7e0, 0x000001f55e2d0688]
Event: 4.053 Thread 0x000001f573d54300 4300       3       org.codehaus.plexus.util.xml.pull.MXParser::newString (11 bytes)
Event: 4.053 Thread 0x000001f573d54300 nmethod 4300 0x000001f55e2d0990 code [0x000001f55e2d0b40, 0x000001f55e2d0ce8]
Event: 4.053 Thread 0x000001f573d54300 4301       3       org.codehaus.plexus.util.xml.pull.MXParser::getName (84 bytes)
Event: 4.053 Thread 0x000001f573d54300 nmethod 4301 0x000001f55e2d0e10 code [0x000001f55e2d0fe0, 0x000001f55e2d1328]
Event: 4.058 Thread 0x000001f573d54300 4303       3       org.eclipse.sisu.plexus.PlexusXmlScanner::TEXT (10 bytes)
Event: 4.058 Thread 0x000001f573d54300 nmethod 4303 0x000001f55e2d1490 code [0x000001f55e2d1680, 0x000001f55e2d1a08]
Event: 4.058 Thread 0x000001f573d54300 4304       3       org.codehaus.plexus.util.xml.pull.MXParser::nextText (103 bytes)
Event: 4.059 Thread 0x000001f573d54300 nmethod 4304 0x000001f55e2d1b90 code [0x000001f55e2d1e60, 0x000001f55e2d29e8]

GC Heap History (20 events):
Event: 2.125 GC heap before
{Heap before GC invocations=5 (full 0):
 PSYoungGen      total 29696K, used 12824K [0x00000000eab00000, 0x00000000ecc00000, 0x0000000100000000)
  eden space 25600K, 34% used [0x00000000eab00000,0x00000000eb386ee8,0x00000000ec400000)
  from space 4096K, 99% used [0x00000000ec800000,0x00000000ecbff3d8,0x00000000ecc00000)
  to   space 4096K, 0% used [0x00000000ec400000,0x00000000ec400000,0x00000000ec800000)
 ParOldGen       total 68608K, used 6486K [0x00000000c0000000, 0x00000000c4300000, 0x00000000eab00000)
  object space 68608K, 9% used [0x00000000c0000000,0x00000000c0655830,0x00000000c4300000)
 Metaspace       used 21089K, committed 21504K, reserved 1114112K
  class space    used 2126K, committed 2304K, reserved 1048576K
}
Event: 2.128 GC heap after
{Heap after GC invocations=5 (full 0):
 PSYoungGen      total 29696K, used 4083K [0x00000000eab00000, 0x00000000ece00000, 0x0000000100000000)
  eden space 25600K, 0% used [0x00000000eab00000,0x00000000eab00000,0x00000000ec400000)
  from space 4096K, 99% used [0x00000000ec400000,0x00000000ec7fcd90,0x00000000ec800000)
  to   space 5120K, 0% used [0x00000000ec900000,0x00000000ec900000,0x00000000ece00000)
 ParOldGen       total 68608K, used 6902K [0x00000000c0000000, 0x00000000c4300000, 0x00000000eab00000)
  object space 68608K, 10% used [0x00000000c0000000,0x00000000c06bd830,0x00000000c4300000)
 Metaspace       used 21089K, committed 21504K, reserved 1114112K
  class space    used 2126K, committed 2304K, reserved 1048576K
}
Event: 2.128 GC heap before
{Heap before GC invocations=6 (full 1):
 PSYoungGen      total 29696K, used 4083K [0x00000000eab00000, 0x00000000ece00000, 0x0000000100000000)
  eden space 25600K, 0% used [0x00000000eab00000,0x00000000eab00000,0x00000000ec400000)
  from space 4096K, 99% used [0x00000000ec400000,0x00000000ec7fcd90,0x00000000ec800000)
  to   space 5120K, 0% used [0x00000000ec900000,0x00000000ec900000,0x00000000ece00000)
 ParOldGen       total 68608K, used 6902K [0x00000000c0000000, 0x00000000c4300000, 0x00000000eab00000)
  object space 68608K, 10% used [0x00000000c0000000,0x00000000c06bd830,0x00000000c4300000)
 Metaspace       used 21089K, committed 21504K, reserved 1114112K
  class space    used 2126K, committed 2304K, reserved 1048576K
}
Event: 2.147 GC heap after
{Heap after GC invocations=6 (full 1):
 PSYoungGen      total 29696K, used 0K [0x00000000eab00000, 0x00000000ece00000, 0x0000000100000000)
  eden space 25600K, 0% used [0x00000000eab00000,0x00000000eab00000,0x00000000ec400000)
  from space 4096K, 0% used [0x00000000ec400000,0x00000000ec400000,0x00000000ec800000)
  to   space 5120K, 0% used [0x00000000ec900000,0x00000000ec900000,0x00000000ece00000)
 ParOldGen       total 68608K, used 10659K [0x00000000c0000000, 0x00000000c4300000, 0x00000000eab00000)
  object space 68608K, 15% used [0x00000000c0000000,0x00000000c0a68de0,0x00000000c4300000)
 Metaspace       used 21089K, committed 21504K, reserved 1114112K
  class space    used 2126K, committed 2304K, reserved 1048576K
}
Event: 2.466 GC heap before
{Heap before GC invocations=7 (full 1):
 PSYoungGen      total 29696K, used 25600K [0x00000000eab00000, 0x00000000ece00000, 0x0000000100000000)
  eden space 25600K, 100% used [0x00000000eab00000,0x00000000ec400000,0x00000000ec400000)
  from space 4096K, 0% used [0x00000000ec400000,0x00000000ec400000,0x00000000ec800000)
  to   space 5120K, 0% used [0x00000000ec900000,0x00000000ec900000,0x00000000ece00000)
 ParOldGen       total 68608K, used 10659K [0x00000000c0000000, 0x00000000c4300000, 0x00000000eab00000)
  object space 68608K, 15% used [0x00000000c0000000,0x00000000c0a68de0,0x00000000c4300000)
 Metaspace       used 24358K, committed 24960K, reserved 1114112K
  class space    used 2478K, committed 2688K, reserved 1048576K
}
Event: 2.467 GC heap after
{Heap after GC invocations=7 (full 1):
 PSYoungGen      total 26112K, used 1009K [0x00000000eab00000, 0x00000000eca00000, 0x0000000100000000)
  eden space 25088K, 0% used [0x00000000eab00000,0x00000000eab00000,0x00000000ec380000)
  from space 1024K, 98% used [0x00000000ec900000,0x00000000ec9fc6d0,0x00000000eca00000)
  to   space 2560K, 0% used [0x00000000ec500000,0x00000000ec500000,0x00000000ec780000)
 ParOldGen       total 68608K, used 10667K [0x00000000c0000000, 0x00000000c4300000, 0x00000000eab00000)
  object space 68608K, 15% used [0x00000000c0000000,0x00000000c0a6ade0,0x00000000c4300000)
 Metaspace       used 24358K, committed 24960K, reserved 1114112K
  class space    used 2478K, committed 2688K, reserved 1048576K
}
Event: 2.706 GC heap before
{Heap before GC invocations=8 (full 1):
 PSYoungGen      total 26112K, used 26097K [0x00000000eab00000, 0x00000000eca00000, 0x0000000100000000)
  eden space 25088K, 100% used [0x00000000eab00000,0x00000000ec380000,0x00000000ec380000)
  from space 1024K, 98% used [0x00000000ec900000,0x00000000ec9fc6d0,0x00000000eca00000)
  to   space 2560K, 0% used [0x00000000ec500000,0x00000000ec500000,0x00000000ec780000)
 ParOldGen       total 68608K, used 10667K [0x00000000c0000000, 0x00000000c4300000, 0x00000000eab00000)
  object space 68608K, 15% used [0x00000000c0000000,0x00000000c0a6ade0,0x00000000c4300000)
 Metaspace       used 27442K, committed 28160K, reserved 1114112K
  class space    used 2789K, committed 3072K, reserved 1048576K
}
Event: 2.707 GC heap after
{Heap after GC invocations=8 (full 1):
 PSYoungGen      total 27136K, used 2554K [0x00000000eab00000, 0x00000000eca00000, 0x0000000100000000)
  eden space 24576K, 0% used [0x00000000eab00000,0x00000000eab00000,0x00000000ec300000)
  from space 2560K, 99% used [0x00000000ec500000,0x00000000ec77eaa8,0x00000000ec780000)
  to   space 2560K, 0% used [0x00000000ec780000,0x00000000ec780000,0x00000000eca00000)
 ParOldGen       total 68608K, used 11059K [0x00000000c0000000, 0x00000000c4300000, 0x00000000eab00000)
  object space 68608K, 16% used [0x00000000c0000000,0x00000000c0accde0,0x00000000c4300000)
 Metaspace       used 27442K, committed 28160K, reserved 1114112K
  class space    used 2789K, committed 3072K, reserved 1048576K
}
Event: 2.845 GC heap before
{Heap before GC invocations=9 (full 1):
 PSYoungGen      total 27136K, used 27130K [0x00000000eab00000, 0x00000000eca00000, 0x0000000100000000)
  eden space 24576K, 100% used [0x00000000eab00000,0x00000000ec300000,0x00000000ec300000)
  from space 2560K, 99% used [0x00000000ec500000,0x00000000ec77eaa8,0x00000000ec780000)
  to   space 2560K, 0% used [0x00000000ec780000,0x00000000ec780000,0x00000000eca00000)
 ParOldGen       total 68608K, used 11059K [0x00000000c0000000, 0x00000000c4300000, 0x00000000eab00000)
  object space 68608K, 16% used [0x00000000c0000000,0x00000000c0accde0,0x00000000c4300000)
 Metaspace       used 30003K, committed 30720K, reserved 1114112K
  class space    used 2957K, committed 3264K, reserved 1048576K
}
Event: 2.846 GC heap after
{Heap after GC invocations=9 (full 1):
 PSYoungGen      total 26624K, used 2559K [0x00000000eab00000, 0x00000000eca00000, 0x0000000100000000)
  eden space 24064K, 0% used [0x00000000eab00000,0x00000000eab00000,0x00000000ec280000)
  from space 2560K, 99% used [0x00000000ec780000,0x00000000ec9fff68,0x00000000eca00000)
  to   space 3072K, 0% used [0x00000000ec400000,0x00000000ec400000,0x00000000ec700000)
 ParOldGen       total 68608K, used 11275K [0x00000000c0000000, 0x00000000c4300000, 0x00000000eab00000)
  object space 68608K, 16% used [0x00000000c0000000,0x00000000c0b02de0,0x00000000c4300000)
 Metaspace       used 30003K, committed 30720K, reserved 1114112K
  class space    used 2957K, committed 3264K, reserved 1048576K
}
Event: 2.949 GC heap before
{Heap before GC invocations=10 (full 1):
 PSYoungGen      total 26624K, used 26623K [0x00000000eab00000, 0x00000000eca00000, 0x0000000100000000)
  eden space 24064K, 100% used [0x00000000eab00000,0x00000000ec280000,0x00000000ec280000)
  from space 2560K, 99% used [0x00000000ec780000,0x00000000ec9fff68,0x00000000eca00000)
  to   space 3072K, 0% used [0x00000000ec400000,0x00000000ec400000,0x00000000ec700000)
 ParOldGen       total 68608K, used 11275K [0x00000000c0000000, 0x00000000c4300000, 0x00000000eab00000)
  object space 68608K, 16% used [0x00000000c0000000,0x00000000c0b02de0,0x00000000c4300000)
 Metaspace       used 31996K, committed 32640K, reserved 1114112K
  class space    used 3105K, committed 3392K, reserved 1048576K
}
Event: 2.951 GC heap after
{Heap after GC invocations=10 (full 1):
 PSYoungGen      total 26624K, used 3064K [0x00000000eab00000, 0x00000000ecc00000, 0x0000000100000000)
  eden space 23552K, 0% used [0x00000000eab00000,0x00000000eab00000,0x00000000ec200000)
  from space 3072K, 99% used [0x00000000ec400000,0x00000000ec6fe268,0x00000000ec700000)
  to   space 5120K, 0% used [0x00000000ec700000,0x00000000ec700000,0x00000000ecc00000)
 ParOldGen       total 68608K, used 12697K [0x00000000c0000000, 0x00000000c4300000, 0x00000000eab00000)
  object space 68608K, 18% used [0x00000000c0000000,0x00000000c0c66690,0x00000000c4300000)
 Metaspace       used 31996K, committed 32640K, reserved 1114112K
  class space    used 3105K, committed 3392K, reserved 1048576K
}
Event: 3.301 GC heap before
{Heap before GC invocations=11 (full 1):
 PSYoungGen      total 26624K, used 25827K [0x00000000eab00000, 0x00000000ecc00000, 0x0000000100000000)
  eden space 23552K, 96% used [0x00000000eab00000,0x00000000ec13ab48,0x00000000ec200000)
  from space 3072K, 99% used [0x00000000ec400000,0x00000000ec6fe268,0x00000000ec700000)
  to   space 5120K, 0% used [0x00000000ec700000,0x00000000ec700000,0x00000000ecc00000)
 ParOldGen       total 68608K, used 12697K [0x00000000c0000000, 0x00000000c4300000, 0x00000000eab00000)
  object space 68608K, 18% used [0x00000000c0000000,0x00000000c0c66690,0x00000000c4300000)
 Metaspace       used 35182K, committed 35840K, reserved 1114112K
  class space    used 3438K, committed 3712K, reserved 1048576K
}
Event: 3.302 GC heap after
{Heap after GC invocations=11 (full 1):
 PSYoungGen      total 26112K, used 2536K [0x00000000eab00000, 0x00000000ec980000, 0x0000000100000000)
  eden space 23552K, 0% used [0x00000000eab00000,0x00000000eab00000,0x00000000ec200000)
  from space 2560K, 99% used [0x00000000ec700000,0x00000000ec97a268,0x00000000ec980000)
  to   space 3584K, 0% used [0x00000000ec280000,0x00000000ec280000,0x00000000ec600000)
 ParOldGen       total 68608K, used 14526K [0x00000000c0000000, 0x00000000c4300000, 0x00000000eab00000)
  object space 68608K, 21% used [0x00000000c0000000,0x00000000c0e2f8e0,0x00000000c4300000)
 Metaspace       used 35182K, committed 35840K, reserved 1114112K
  class space    used 3438K, committed 3712K, reserved 1048576K
}
Event: 3.302 GC heap before
{Heap before GC invocations=12 (full 2):
 PSYoungGen      total 26112K, used 2536K [0x00000000eab00000, 0x00000000ec980000, 0x0000000100000000)
  eden space 23552K, 0% used [0x00000000eab00000,0x00000000eab00000,0x00000000ec200000)
  from space 2560K, 99% used [0x00000000ec700000,0x00000000ec97a268,0x00000000ec980000)
  to   space 3584K, 0% used [0x00000000ec280000,0x00000000ec280000,0x00000000ec600000)
 ParOldGen       total 68608K, used 14526K [0x00000000c0000000, 0x00000000c4300000, 0x00000000eab00000)
  object space 68608K, 21% used [0x00000000c0000000,0x00000000c0e2f8e0,0x00000000c4300000)
 Metaspace       used 35182K, committed 35840K, reserved 1114112K
  class space    used 3438K, committed 3712K, reserved 1048576K
}
Event: 3.327 GC heap after
{Heap after GC invocations=12 (full 2):
 PSYoungGen      total 26112K, used 0K [0x00000000eab00000, 0x00000000ec980000, 0x0000000100000000)
  eden space 23552K, 0% used [0x00000000eab00000,0x00000000eab00000,0x00000000ec200000)
  from space 2560K, 0% used [0x00000000ec700000,0x00000000ec700000,0x00000000ec980000)
  to   space 3584K, 0% used [0x00000000ec280000,0x00000000ec280000,0x00000000ec600000)
 ParOldGen       total 68608K, used 15269K [0x00000000c0000000, 0x00000000c4300000, 0x00000000eab00000)
  object space 68608K, 22% used [0x00000000c0000000,0x00000000c0ee9728,0x00000000c4300000)
 Metaspace       used 35169K, committed 35840K, reserved 1114112K
  class space    used 3434K, committed 3712K, reserved 1048576K
}
Event: 3.570 GC heap before
{Heap before GC invocations=13 (full 2):
 PSYoungGen      total 26112K, used 23550K [0x00000000eab00000, 0x00000000ec980000, 0x0000000100000000)
  eden space 23552K, 99% used [0x00000000eab00000,0x00000000ec1ffb90,0x00000000ec200000)
  from space 2560K, 0% used [0x00000000ec700000,0x00000000ec700000,0x00000000ec980000)
  to   space 3584K, 0% used [0x00000000ec280000,0x00000000ec280000,0x00000000ec600000)
 ParOldGen       total 68608K, used 15269K [0x00000000c0000000, 0x00000000c4300000, 0x00000000eab00000)
  object space 68608K, 22% used [0x00000000c0000000,0x00000000c0ee9728,0x00000000c4300000)
 Metaspace       used 38293K, committed 39168K, reserved 1114112K
  class space    used 3815K, committed 4160K, reserved 1048576K
}
Event: 3.571 GC heap after
{Heap after GC invocations=13 (full 2):
 PSYoungGen      total 24576K, used 1093K [0x00000000eab00000, 0x00000000ec780000, 0x0000000100000000)
  eden space 23040K, 0% used [0x00000000eab00000,0x00000000eab00000,0x00000000ec180000)
  from space 1536K, 71% used [0x00000000ec280000,0x00000000ec391628,0x00000000ec400000)
  to   space 2048K, 0% used [0x00000000ec580000,0x00000000ec580000,0x00000000ec780000)
 ParOldGen       total 68608K, used 15277K [0x00000000c0000000, 0x00000000c4300000, 0x00000000eab00000)
  object space 68608K, 22% used [0x00000000c0000000,0x00000000c0eeb728,0x00000000c4300000)
 Metaspace       used 38293K, committed 39168K, reserved 1114112K
  class space    used 3815K, committed 4160K, reserved 1048576K
}
Event: 3.960 GC heap before
{Heap before GC invocations=14 (full 2):
 PSYoungGen      total 24576K, used 24133K [0x00000000eab00000, 0x00000000ec780000, 0x0000000100000000)
  eden space 23040K, 100% used [0x00000000eab00000,0x00000000ec180000,0x00000000ec180000)
  from space 1536K, 71% used [0x00000000ec280000,0x00000000ec391628,0x00000000ec400000)
  to   space 2048K, 0% used [0x00000000ec580000,0x00000000ec580000,0x00000000ec780000)
 ParOldGen       total 68608K, used 15277K [0x00000000c0000000, 0x00000000c4300000, 0x00000000eab00000)
  object space 68608K, 22% used [0x00000000c0000000,0x00000000c0eeb728,0x00000000c4300000)
 Metaspace       used 41479K, committed 42368K, reserved 1114112K
  class space    used 4245K, committed 4608K, reserved 1048576K
}
Event: 3.963 GC heap after
{Heap after GC invocations=14 (full 2):
 PSYoungGen      total 23552K, used 800K [0x00000000eab00000, 0x00000000ec680000, 0x0000000100000000)
  eden space 22528K, 0% used [0x00000000eab00000,0x00000000eab00000,0x00000000ec100000)
  from space 1024K, 78% used [0x00000000ec580000,0x00000000ec648000,0x00000000ec680000)
  to   space 1024K, 0% used [0x00000000ec480000,0x00000000ec480000,0x00000000ec580000)
 ParOldGen       total 68608K, used 16200K [0x00000000c0000000, 0x00000000c4300000, 0x00000000eab00000)
  object space 68608K, 23% used [0x00000000c0000000,0x00000000c0fd23d8,0x00000000c4300000)
 Metaspace       used 41479K, committed 42368K, reserved 1114112K
  class space    used 4245K, committed 4608K, reserved 1048576K
}

Dll operation events (12 events):
Event: 0.008 Loaded shared library c:\Users\HUAWEI\.vscode\extensions\redhat.java-1.38.0-win32-x64\jre\17.0.13-win32-x86_64\bin\java.dll
Event: 0.123 Loaded shared library c:\Users\HUAWEI\.vscode\extensions\redhat.java-1.38.0-win32-x64\jre\17.0.13-win32-x86_64\bin\zip.dll
Event: 0.126 Loaded shared library C:\Users\HUAWEI\.vscode\extensions\redhat.java-1.38.0-win32-x64\jre\17.0.13-win32-x86_64\bin\instrument.dll
Event: 0.138 Loaded shared library C:\Users\HUAWEI\.vscode\extensions\redhat.java-1.38.0-win32-x64\jre\17.0.13-win32-x86_64\bin\net.dll
Event: 0.139 Loaded shared library C:\Users\HUAWEI\.vscode\extensions\redhat.java-1.38.0-win32-x64\jre\17.0.13-win32-x86_64\bin\nio.dll
Event: 0.147 Loaded shared library C:\Users\HUAWEI\.vscode\extensions\redhat.java-1.38.0-win32-x64\jre\17.0.13-win32-x86_64\bin\zip.dll
Event: 0.163 Loaded shared library C:\Users\HUAWEI\.vscode\extensions\redhat.java-1.38.0-win32-x64\jre\17.0.13-win32-x86_64\bin\jimage.dll
Event: 0.214 Loaded shared library c:\Users\HUAWEI\.vscode\extensions\redhat.java-1.38.0-win32-x64\jre\17.0.13-win32-x86_64\bin\verify.dll
Event: 1.191 Loaded shared library C:\Users\HUAWEI\AppData\Roaming\Code\User\globalStorage\redhat.java\1.38.0\config_win\org.eclipse.equinox.launcher\org.eclipse.equinox.launcher.win32.win32.x86_64_1.2.1100.v20240722-2106\eclipse_11904.dll
Event: 2.217 Loaded shared library C:\Users\HUAWEI\.vscode\extensions\redhat.java-1.38.0-win32-x64\jre\17.0.13-win32-x86_64\bin\management.dll
Event: 2.219 Loaded shared library C:\Users\HUAWEI\.vscode\extensions\redhat.java-1.38.0-win32-x64\jre\17.0.13-win32-x86_64\bin\management_ext.dll
Event: 3.339 Loaded shared library C:\Users\HUAWEI\AppData\Local\Temp\jna-1631289621\jna5574841611404883214.dll

Deoptimization events (20 events):
Event: 3.725 Thread 0x000001f575b620e0 Uncommon trap: trap_request=0xffffffde fr.pc=0x000001f56565f9b0 relative=0x0000000000000090
Event: 3.725 Thread 0x000001f575b620e0 Uncommon trap: reason=class_check action=maybe_recompile pc=0x000001f56565f9b0 method=java.lang.Character.codePointAt(Ljava/lang/CharSequence;I)I @ 2 c2
Event: 3.725 Thread 0x000001f575b620e0 DEOPT PACKING pc=0x000001f56565f9b0 sp=0x00000020c8efe380
Event: 3.725 Thread 0x000001f575b620e0 DEOPT UNPACKING pc=0x000001f564f99ea3 sp=0x00000020c8efe308 mode 2
Event: 4.013 Thread 0x000001f575b620e0 Uncommon trap: trap_request=0xffffffc6 fr.pc=0x000001f5655c2e24 relative=0x0000000000000d84
Event: 4.013 Thread 0x000001f575b620e0 Uncommon trap: reason=bimorphic_or_optimized_type_check action=maybe_recompile pc=0x000001f5655c2e24 method=java.util.Properties$LineReader.readLine()I @ 479 c2
Event: 4.013 Thread 0x000001f575b620e0 DEOPT PACKING pc=0x000001f5655c2e24 sp=0x00000020c8efd310
Event: 4.013 Thread 0x000001f575b620e0 DEOPT UNPACKING pc=0x000001f564f99ea3 sp=0x00000020c8efd2b0 mode 2
Event: 4.030 Thread 0x000001f575b620e0 Uncommon trap: trap_request=0xffffff45 fr.pc=0x000001f5656d622c relative=0x00000000000000ac
Event: 4.030 Thread 0x000001f575b620e0 Uncommon trap: reason=unstable_if action=reinterpret pc=0x000001f5656d622c method=org.codehaus.plexus.util.xml.pull.MXParser.more()C @ 8 c2
Event: 4.030 Thread 0x000001f575b620e0 DEOPT PACKING pc=0x000001f5656d622c sp=0x00000020c8efdeb0
Event: 4.030 Thread 0x000001f575b620e0 DEOPT UNPACKING pc=0x000001f564f99ea3 sp=0x00000020c8efde40 mode 2
Event: 4.045 Thread 0x000001f575b620e0 Uncommon trap: trap_request=0xffffff45 fr.pc=0x000001f5655e8bb4 relative=0x0000000000000114
Event: 4.045 Thread 0x000001f575b620e0 Uncommon trap: reason=unstable_if action=reinterpret pc=0x000001f5655e8bb4 method=java.util.ArrayList.indexOfRange(Ljava/lang/Object;II)I @ 7 c2
Event: 4.045 Thread 0x000001f575b620e0 DEOPT PACKING pc=0x000001f5655e8bb4 sp=0x00000020c8efdf10
Event: 4.045 Thread 0x000001f575b620e0 DEOPT UNPACKING pc=0x000001f564f99ea3 sp=0x00000020c8efddd0 mode 2
Event: 4.053 Thread 0x000001f575b620e0 Uncommon trap: trap_request=0xffffff45 fr.pc=0x000001f5655e2f90 relative=0x00000000000000f0
Event: 4.053 Thread 0x000001f575b620e0 Uncommon trap: reason=unstable_if action=reinterpret pc=0x000001f5655e2f90 method=java.util.ArrayList.indexOfRange(Ljava/lang/Object;II)I @ 7 c2
Event: 4.053 Thread 0x000001f575b620e0 DEOPT PACKING pc=0x000001f5655e2f90 sp=0x00000020c8efde60
Event: 4.053 Thread 0x000001f575b620e0 DEOPT UNPACKING pc=0x000001f564f99ea3 sp=0x00000020c8efdde0 mode 2

Classes loaded (20 events):
Event: 3.864 Loading class sun/reflect/annotation/TypeAnnotation$LocationInfo
Event: 3.864 Loading class sun/reflect/annotation/TypeAnnotation$LocationInfo done
Event: 3.864 Loading class sun/reflect/annotation/TypeAnnotation$LocationInfo$Location
Event: 3.864 Loading class sun/reflect/annotation/TypeAnnotation$LocationInfo$Location done
Event: 3.864 Loading class sun/reflect/annotation/AnnotatedTypeFactory
Event: 3.864 Loading class sun/reflect/annotation/AnnotatedTypeFactory done
Event: 3.864 Loading class sun/reflect/annotation/AnnotatedTypeFactory$AnnotatedTypeBaseImpl
Event: 3.865 Loading class sun/reflect/annotation/AnnotatedTypeFactory$AnnotatedTypeBaseImpl done
Event: 3.865 Loading class java/util/stream/Streams$ConcatSpliterator$OfRef
Event: 3.865 Loading class java/util/stream/Streams$ConcatSpliterator
Event: 3.866 Loading class java/util/stream/Streams$ConcatSpliterator done
Event: 3.866 Loading class java/util/stream/Streams$ConcatSpliterator$OfRef done
Event: 3.866 Loading class java/util/stream/Streams$2
Event: 3.866 Loading class java/util/stream/Streams$2 done
Event: 3.946 Loading class java/lang/annotation/ElementType
Event: 3.946 Loading class java/lang/annotation/ElementType done
Event: 4.019 Loading class java/lang/Short$ShortCache
Event: 4.019 Loading class java/lang/Short$ShortCache done
Event: 4.026 Loading class java/lang/annotation/IncompleteAnnotationException
Event: 4.027 Loading class java/lang/annotation/IncompleteAnnotationException done

Classes unloaded (7 events):
Event: 3.307 Thread 0x000001f55ae0e000 Unloading class 0x0000000100258000 'java/lang/invoke/LambdaForm$MH+0x0000000100258000'
Event: 3.307 Thread 0x000001f55ae0e000 Unloading class 0x0000000100257c00 'java/lang/invoke/LambdaForm$MH+0x0000000100257c00'
Event: 3.307 Thread 0x000001f55ae0e000 Unloading class 0x0000000100257800 'java/lang/invoke/LambdaForm$MH+0x0000000100257800'
Event: 3.307 Thread 0x000001f55ae0e000 Unloading class 0x0000000100257400 'java/lang/invoke/LambdaForm$MH+0x0000000100257400'
Event: 3.307 Thread 0x000001f55ae0e000 Unloading class 0x0000000100257000 'java/lang/invoke/LambdaForm$BMH+0x0000000100257000'
Event: 3.307 Thread 0x000001f55ae0e000 Unloading class 0x0000000100256c00 'java/lang/invoke/LambdaForm$DMH+0x0000000100256c00'
Event: 3.307 Thread 0x000001f55ae0e000 Unloading class 0x0000000100254400 'java/lang/invoke/LambdaForm$DMH+0x0000000100254400'

Classes redefined (0 events):
No events

Internal exceptions (20 events):
Event: 3.604 Thread 0x000001f55ad845a0 Exception <a 'java/lang/IncompatibleClassChangeError'{0x00000000eaeeb468}: Found class java.lang.Object, but interface was expected> (0x00000000eaeeb468) 
thrown [s\src\hotspot\share\interpreter\linkResolver.cpp, line 826]
Event: 3.697 Thread 0x000001f575b61bd0 Exception <a 'java/lang/NoSuchMethodError'{0x00000000eb122320}: 'java.lang.Object java.lang.invoke.DirectMethodHandle$Holder.invokeStaticInit(java.lang.Object, java.lang.Object, java.lang.Object, java.lang.Object, java.lang.Object, java.lang.Object, java.lang.Object)'> (0x00000000eb122320) 
thrown [s\src\hotspot\share\interpreter\linkResolver.cpp, line 759]
Event: 3.699 Thread 0x000001f575b61bd0 Exception <a 'java/lang/NoSuchMethodError'{0x00000000eb13cb90}: 'java.lang.Object java.lang.invoke.DirectMethodHandle$Holder.invokeSpecial(java.lang.Object, java.lang.Object, java.lang.Object, java.lang.Object, java.lang.Object, java.lang.Object, java.lang.Object, java.lang.Object, java.lang.Object)'> (0x00000000eb13cb90) 
thrown [s\src\hotspot\share\interpreter\linkResolver.cpp, line 759]
Event: 3.699 Thread 0x000001f575b61bd0 Exception <a 'java/lang/NoSuchMethodError'{0x00000000eb15c998}: 'java.lang.Object java.lang.invoke.Invokers$Holder.invoke_MT(java.lang.Object, java.lang.Object, java.lang.Object, java.lang.Object, java.lang.Object, java.lang.Object, java.lang.Object, java.lang.Object, java.lang.Object)'> (0x00000000eb15c998) 
thrown [s\src\hotspot\share\interpreter\linkResolver.cpp, line 759]
Event: 3.705 Thread 0x000001f575b61bd0 Exception <a 'java/lang/NoSuchMethodError'{0x00000000eb1ee7e0}: 'int java.lang.invoke.DirectMethodHandle$Holder.invokeVirtual(java.lang.Object, java.lang.Object, java.lang.Object)'> (0x00000000eb1ee7e0) 
thrown [s\src\hotspot\share\interpreter\linkResolver.cpp, line 759]
Event: 3.706 Thread 0x000001f575b61bd0 Exception <a 'java/lang/NoSuchMethodError'{0x00000000eb1f2520}: 'int java.lang.invoke.DirectMethodHandle$Holder.invokeVirtual(java.lang.Object, java.lang.Object)'> (0x00000000eb1f2520) 
thrown [s\src\hotspot\share\interpreter\linkResolver.cpp, line 759]
Event: 3.706 Thread 0x000001f575b61bd0 Exception <a 'java/lang/NoSuchMethodError'{0x00000000eb1fead0}: 'int java.lang.invoke.DirectMethodHandle$Holder.invokeStaticInit(java.lang.Object, int, int)'> (0x00000000eb1fead0) 
thrown [s\src\hotspot\share\interpreter\linkResolver.cpp, line 759]
Event: 3.707 Thread 0x000001f575b61bd0 Exception <a 'java/lang/NoSuchMethodError'{0x00000000eb212a18}: 'int java.lang.invoke.DirectMethodHandle$Holder.invokeStaticInit(java.lang.Object, long, long)'> (0x00000000eb212a18) 
thrown [s\src\hotspot\share\interpreter\linkResolver.cpp, line 759]
Event: 3.708 Thread 0x000001f575b61bd0 Exception <a 'java/lang/NoSuchMethodError'{0x00000000eb22dbf0}: 'int java.lang.invoke.DirectMethodHandle$Holder.invokeStaticInit(java.lang.Object, float, float)'> (0x00000000eb22dbf0) 
thrown [s\src\hotspot\share\interpreter\linkResolver.cpp, line 759]
Event: 3.709 Thread 0x000001f575b61bd0 Exception <a 'java/lang/NoSuchMethodError'{0x00000000eb235398}: 'int java.lang.invoke.DirectMethodHandle$Holder.invokeStaticInit(java.lang.Object, double, double)'> (0x00000000eb235398) 
thrown [s\src\hotspot\share\interpreter\linkResolver.cpp, line 759]
Event: 3.709 Thread 0x000001f575b61bd0 Exception <a 'java/lang/NoSuchMethodError'{0x00000000eb241ca0}: 'int java.lang.invoke.DirectMethodHandle$Holder.invokeStatic(java.lang.Object, long)'> (0x00000000eb241ca0) 
thrown [s\src\hotspot\share\interpreter\linkResolver.cpp, line 759]
Event: 3.713 Thread 0x000001f575b61bd0 Exception <a 'java/lang/NoSuchMethodError'{0x00000000eb28bf48}: 'int java.lang.invoke.Invokers$Holder.linkToTargetMethod(java.lang.Object, java.lang.Object)'> (0x00000000eb28bf48) 
thrown [s\src\hotspot\share\interpreter\linkResolver.cpp, line 759]
Event: 3.713 Thread 0x000001f575b620e0 Exception <a 'java/lang/NoSuchMethodError'{0x00000000eb284260}: 'int java.lang.invoke.Invokers$Holder.linkToTargetMethod(java.lang.Object, java.lang.Object)'> (0x00000000eb284260) 
thrown [s\src\hotspot\share\interpreter\linkResolver.cpp, line 759]
Event: 3.714 Thread 0x000001f575b61bd0 Exception <a 'java/lang/NoSuchMethodError'{0x00000000eb2a58f8}: 'int java.lang.invoke.DirectMethodHandle$Holder.invokeSpecial(java.lang.Object, java.lang.Object, java.lang.Object, java.lang.Object)'> (0x00000000eb2a58f8) 
thrown [s\src\hotspot\share\interpreter\linkResolver.cpp, line 759]
Event: 3.716 Thread 0x000001f575b61bd0 Exception <a 'java/lang/NoSuchMethodError'{0x00000000eb2df868}: 'java.lang.Object java.lang.invoke.DirectMethodHandle$Holder.invokeStatic(java.lang.Object, int, java.lang.Object, java.lang.Object)'> (0x00000000eb2df868) 
thrown [s\src\hotspot\share\interpreter\linkResolver.cpp, line 759]
Event: 3.717 Thread 0x000001f575b61bd0 Exception <a 'java/lang/NoSuchMethodError'{0x00000000eb2eb6d0}: 'java.lang.Object java.lang.invoke.DelegatingMethodHandle$Holder.delegate(java.lang.Object, int, java.lang.Object, java.lang.Object)'> (0x00000000eb2eb6d0) 
thrown [s\src\hotspot\share\interpreter\linkResolver.cpp, line 759]
Event: 3.719 Thread 0x000001f575b61bd0 Exception <a 'java/lang/NoSuchMethodError'{0x00000000eb330fd8}: 'int java.lang.invoke.Invokers$Holder.linkToTargetMethod(java.lang.Object, java.lang.Object, java.lang.Object)'> (0x00000000eb330fd8) 
thrown [s\src\hotspot\share\interpreter\linkResolver.cpp, line 759]
Event: 3.738 Thread 0x000001f575b620e0 Exception <a 'java/lang/NoSuchMethodError'{0x00000000eb44e730}: 'java.lang.Object java.lang.invoke.DirectMethodHandle$Holder.invokeSpecialIFC(java.lang.Object, java.lang.Object, java.lang.Object, java.lang.Object)'> (0x00000000eb44e730) 
thrown [s\src\hotspot\share\interpreter\linkResolver.cpp, line 759]
Event: 3.887 Thread 0x000001f575b620e0 Exception <a 'java/lang/NoSuchMethodError'{0x00000000ebe1cd78}: 'int java.lang.invoke.DirectMethodHandle$Holder.invokeStatic(java.lang.Object, java.lang.Object, java.lang.Object, java.lang.Object, java.lang.Object)'> (0x00000000ebe1cd78) 
thrown [s\src\hotspot\share\interpreter\linkResolver.cpp, line 759]
Event: 4.027 Thread 0x000001f575b620e0 Exception <a 'java/lang/NoClassDefFoundError'{0x00000000eae53a88}: javax/enterprise/inject/Typed> (0x00000000eae53a88) 
thrown [s\src\hotspot\share\classfile\systemDictionary.cpp, line 245]

VM Operations (20 events):
Event: 3.216 Executing VM operation: HandshakeAllThreads
Event: 3.216 Executing VM operation: HandshakeAllThreads done
Event: 3.238 Executing VM operation: HandshakeAllThreads
Event: 3.238 Executing VM operation: HandshakeAllThreads done
Event: 3.267 Executing VM operation: HandshakeAllThreads
Event: 3.267 Executing VM operation: HandshakeAllThreads done
Event: 3.300 Executing VM operation: CollectForMetadataAllocation
Event: 3.327 Executing VM operation: CollectForMetadataAllocation done
Event: 3.353 Executing VM operation: HandshakeAllThreads
Event: 3.353 Executing VM operation: HandshakeAllThreads done
Event: 3.570 Executing VM operation: ParallelGCFailedAllocation
Event: 3.571 Executing VM operation: ParallelGCFailedAllocation done
Event: 3.716 Executing VM operation: HandshakeAllThreads
Event: 3.716 Executing VM operation: HandshakeAllThreads done
Event: 3.717 Executing VM operation: HandshakeAllThreads
Event: 3.717 Executing VM operation: HandshakeAllThreads done
Event: 3.960 Executing VM operation: ParallelGCFailedAllocation
Event: 3.963 Executing VM operation: ParallelGCFailedAllocation done
Event: 4.015 Executing VM operation: HandshakeAllThreads
Event: 4.016 Executing VM operation: HandshakeAllThreads done

Memory protections (0 events):
No events

Nmethod flushes (0 events):
No events

Events (20 events):
Event: 1.947 Thread 0x000001f573d531a0 Thread added: 0x000001f575cb3b80
Event: 2.111 Thread 0x000001f57564c0d0 Thread added: 0x000001f575b60790
Event: 2.273 Thread 0x000001f57564c0d0 Thread added: 0x000001f575b61bd0
Event: 2.288 Thread 0x000001f57564c0d0 Thread added: 0x000001f575b611b0
Event: 2.289 Thread 0x000001f575b61bd0 Thread added: 0x000001f575b620e0
Event: 3.046 Thread 0x000001f57564c0d0 Thread added: 0x000001f575b5fd70
Event: 3.358 Thread 0x000001f57564c0d0 Thread added: 0x000001f575b5ee40
Event: 3.465 Thread 0x000001f55ad845a0 Thread added: 0x000001f575b5f350
Event: 3.465 Thread 0x000001f55ad845a0 Thread added: 0x000001f575b60ca0
Event: 3.465 Thread 0x000001f55ad845a0 Thread added: 0x000001f575b60280
Event: 3.465 Thread 0x000001f55ad845a0 Thread added: 0x000001f5764879b0
Event: 3.465 Thread 0x000001f55ad845a0 Thread added: 0x000001f576485130
Event: 3.465 Thread 0x000001f55ad845a0 Thread added: 0x000001f576487ec0
Event: 3.465 Thread 0x000001f55ad845a0 Thread added: 0x000001f576485640
Event: 3.465 Thread 0x000001f55ad845a0 Thread added: 0x000001f576486570
Event: 3.465 Thread 0x000001f55ad845a0 Thread added: 0x000001f5764883d0
Event: 3.480 Thread 0x000001f55ad845a0 Thread added: 0x000001f576485b50
Event: 3.619 Thread 0x000001f55ad845a0 Thread added: 0x000001f576486a80
Event: 3.619 Thread 0x000001f55ad845a0 Thread added: 0x000001f5764874a0
Event: 3.694 Thread 0x000001f575b61bd0 Thread added: 0x000001f576486060


Dynamic libraries:
0x00007ff668bb0000 - 0x00007ff668bbe000 	c:\Users\HUAWEI\.vscode\extensions\redhat.java-1.38.0-win32-x64\jre\17.0.13-win32-x86_64\bin\java.exe
0x00007ffd05490000 - 0x00007ffd056a7000 	C:\WINDOWS\SYSTEM32\ntdll.dll
0x00007ffd03f40000 - 0x00007ffd04004000 	C:\WINDOWS\System32\KERNEL32.DLL
0x00007ffd02860000 - 0x00007ffd02c30000 	C:\WINDOWS\System32\KERNELBASE.dll
0x00007ffd02ef0000 - 0x00007ffd03001000 	C:\WINDOWS\System32\ucrtbase.dll
0x00007ffcf99a0000 - 0x00007ffcf99be000 	c:\Users\HUAWEI\.vscode\extensions\redhat.java-1.38.0-win32-x64\jre\17.0.13-win32-x86_64\bin\VCRUNTIME140.dll
0x00007ffcfd6b0000 - 0x00007ffcfd6c7000 	c:\Users\HUAWEI\.vscode\extensions\redhat.java-1.38.0-win32-x64\jre\17.0.13-win32-x86_64\bin\jli.dll
0x00007ffd03760000 - 0x00007ffd0390e000 	C:\WINDOWS\System32\USER32.dll
0x00007ffd02c30000 - 0x00007ffd02c56000 	C:\WINDOWS\System32\win32u.dll
0x00007ffd043c0000 - 0x00007ffd043e9000 	C:\WINDOWS\System32\GDI32.dll
0x00007ffd02d10000 - 0x00007ffd02e2b000 	C:\WINDOWS\System32\gdi32full.dll
0x00007ffcf06c0000 - 0x00007ffcf0952000 	C:\WINDOWS\WinSxS\amd64_microsoft.windows.common-controls_6595b64144ccf1df_6.0.22621.4830_none_270fe7d773858e80\COMCTL32.dll
0x00007ffd04a20000 - 0x00007ffd04ac7000 	C:\WINDOWS\System32\msvcrt.dll
0x00007ffd02740000 - 0x00007ffd027da000 	C:\WINDOWS\System32\msvcp_win.dll
0x00007ffd03180000 - 0x00007ffd031b1000 	C:\WINDOWS\System32\IMM32.DLL
0x00007ffcfe2a0000 - 0x00007ffcfe2ac000 	c:\Users\HUAWEI\.vscode\extensions\redhat.java-1.38.0-win32-x64\jre\17.0.13-win32-x86_64\bin\vcruntime140_1.dll
0x00007ffcccfd0000 - 0x00007ffccd05d000 	c:\Users\HUAWEI\.vscode\extensions\redhat.java-1.38.0-win32-x64\jre\17.0.13-win32-x86_64\bin\msvcp140.dll
0x00007ffcb1280000 - 0x00007ffcb1eeb000 	c:\Users\HUAWEI\.vscode\extensions\redhat.java-1.38.0-win32-x64\jre\17.0.13-win32-x86_64\bin\server\jvm.dll
0x00007ffd043f0000 - 0x00007ffd044a1000 	C:\WINDOWS\System32\ADVAPI32.dll
0x00007ffd04010000 - 0x00007ffd040b7000 	C:\WINDOWS\System32\sechost.dll
0x00007ffd02ce0000 - 0x00007ffd02d08000 	C:\WINDOWS\System32\bcrypt.dll
0x00007ffd03470000 - 0x00007ffd03584000 	C:\WINDOWS\System32\RPCRT4.dll
0x00007ffd03370000 - 0x00007ffd033e1000 	C:\WINDOWS\System32\WS2_32.dll
0x00007ffd00300000 - 0x00007ffd00334000 	C:\WINDOWS\SYSTEM32\WINMM.dll
0x00007ffceb910000 - 0x00007ffceb91a000 	C:\WINDOWS\SYSTEM32\VERSION.dll
0x00007ffd02070000 - 0x00007ffd020bd000 	C:\WINDOWS\SYSTEM32\POWRPROF.dll
0x00007ffd02050000 - 0x00007ffd02063000 	C:\WINDOWS\SYSTEM32\UMPDC.dll
0x00007ffd01740000 - 0x00007ffd01758000 	C:\WINDOWS\SYSTEM32\kernel.appcore.dll
0x00007ffcfd280000 - 0x00007ffcfd28a000 	c:\Users\HUAWEI\.vscode\extensions\redhat.java-1.38.0-win32-x64\jre\17.0.13-win32-x86_64\bin\jimage.dll
0x00007ffcffd20000 - 0x00007ffcfff52000 	C:\WINDOWS\SYSTEM32\DBGHELP.DLL
0x00007ffd04690000 - 0x00007ffd04a20000 	C:\WINDOWS\System32\combase.dll
0x00007ffd05350000 - 0x00007ffd05427000 	C:\WINDOWS\System32\OLEAUT32.dll
0x00007ffce4bb0000 - 0x00007ffce4be2000 	C:\WINDOWS\SYSTEM32\dbgcore.DLL
0x00007ffd027e0000 - 0x00007ffd0285b000 	C:\WINDOWS\System32\bcryptPrimitives.dll
0x00007ffcfcc70000 - 0x00007ffcfcc7e000 	c:\Users\HUAWEI\.vscode\extensions\redhat.java-1.38.0-win32-x64\jre\17.0.13-win32-x86_64\bin\instrument.dll
0x00007ffcee7d0000 - 0x00007ffcee7f5000 	c:\Users\HUAWEI\.vscode\extensions\redhat.java-1.38.0-win32-x64\jre\17.0.13-win32-x86_64\bin\java.dll
0x00007ffcf95a0000 - 0x00007ffcf95b8000 	c:\Users\HUAWEI\.vscode\extensions\redhat.java-1.38.0-win32-x64\jre\17.0.13-win32-x86_64\bin\zip.dll
0x00007ffd04ad0000 - 0x00007ffd05348000 	C:\WINDOWS\System32\SHELL32.dll
0x00007ffd00640000 - 0x00007ffd00f50000 	C:\WINDOWS\SYSTEM32\windows.storage.dll
0x00007ffd00500000 - 0x00007ffd0063f000 	C:\WINDOWS\SYSTEM32\wintypes.dll
0x00007ffd041b0000 - 0x00007ffd042ba000 	C:\WINDOWS\System32\SHCORE.dll
0x00007ffd036f0000 - 0x00007ffd0374e000 	C:\WINDOWS\System32\shlwapi.dll
0x00007ffd02670000 - 0x00007ffd0269b000 	C:\WINDOWS\SYSTEM32\profapi.dll
0x00007ffcf8480000 - 0x00007ffcf8499000 	C:\Users\HUAWEI\.vscode\extensions\redhat.java-1.38.0-win32-x64\jre\17.0.13-win32-x86_64\bin\net.dll
0x00007ffcfe680000 - 0x00007ffcfe7ac000 	C:\WINDOWS\SYSTEM32\WINHTTP.dll
0x00007ffd01bc0000 - 0x00007ffd01c2a000 	C:\WINDOWS\system32\mswsock.dll
0x00007ffcf80c0000 - 0x00007ffcf80d6000 	C:\Users\HUAWEI\.vscode\extensions\redhat.java-1.38.0-win32-x64\jre\17.0.13-win32-x86_64\bin\nio.dll
0x00007ffcf87d0000 - 0x00007ffcf87e0000 	c:\Users\HUAWEI\.vscode\extensions\redhat.java-1.38.0-win32-x64\jre\17.0.13-win32-x86_64\bin\verify.dll
0x00007ffccd2c0000 - 0x00007ffccd305000 	C:\Users\HUAWEI\AppData\Roaming\Code\User\globalStorage\redhat.java\1.38.0\config_win\org.eclipse.equinox.launcher\org.eclipse.equinox.launcher.win32.win32.x86_64_1.2.1100.v20240722-2106\eclipse_11904.dll
0x00007ffd031c0000 - 0x00007ffd03361000 	C:\WINDOWS\System32\ole32.dll
0x00007ffcf8760000 - 0x00007ffcf876a000 	C:\Users\HUAWEI\.vscode\extensions\redhat.java-1.38.0-win32-x64\jre\17.0.13-win32-x86_64\bin\management.dll
0x00007ffcf8330000 - 0x00007ffcf833b000 	C:\Users\HUAWEI\.vscode\extensions\redhat.java-1.38.0-win32-x64\jre\17.0.13-win32-x86_64\bin\management_ext.dll
0x00007ffd03da0000 - 0x00007ffd03da8000 	C:\WINDOWS\System32\PSAPI.DLL
0x00007ffd01df0000 - 0x00007ffd01e0b000 	C:\WINDOWS\SYSTEM32\CRYPTSP.dll
0x00007ffd016a0000 - 0x00007ffd016d5000 	C:\WINDOWS\system32\rsaenh.dll
0x00007ffd01c80000 - 0x00007ffd01ca8000 	C:\WINDOWS\SYSTEM32\USERENV.dll
0x00007ffd01de0000 - 0x00007ffd01dec000 	C:\WINDOWS\SYSTEM32\CRYPTBASE.dll
0x00007ffd011b0000 - 0x00007ffd011dd000 	C:\WINDOWS\SYSTEM32\IPHLPAPI.DLL
0x00007ffd03d90000 - 0x00007ffd03d99000 	C:\WINDOWS\System32\NSI.dll
0x00007ffcfd3b0000 - 0x00007ffcfd3c9000 	C:\WINDOWS\SYSTEM32\dhcpcsvc6.DLL
0x00007ffcfd390000 - 0x00007ffcfd3af000 	C:\WINDOWS\SYSTEM32\dhcpcsvc.DLL
0x00007ffd01220000 - 0x00007ffd01322000 	C:\WINDOWS\SYSTEM32\DNSAPI.dll
0x00007ffcccf80000 - 0x00007ffcccfc9000 	C:\Users\HUAWEI\AppData\Local\Temp\jna-1631289621\jna5574841611404883214.dll

dbghelp: loaded successfully - version: 4.0.5 - missing functions: none
symbol engine: initialized successfully - sym options: 0x614 - pdb path: .;c:\Users\HUAWEI\.vscode\extensions\redhat.java-1.38.0-win32-x64\jre\17.0.13-win32-x86_64\bin;C:\WINDOWS\SYSTEM32;C:\WINDOWS\WinSxS\amd64_microsoft.windows.common-controls_6595b64144ccf1df_6.0.22621.4830_none_270fe7d773858e80;c:\Users\HUAWEI\.vscode\extensions\redhat.java-1.38.0-win32-x64\jre\17.0.13-win32-x86_64\bin\server;C:\Users\HUAWEI\AppData\Roaming\Code\User\globalStorage\redhat.java\1.38.0\config_win\org.eclipse.equinox.launcher\org.eclipse.equinox.launcher.win32.win32.x86_64_1.2.1100.v20240722-2106;C:\Users\HUAWEI\AppData\Local\Temp\jna-1631289621

VM Arguments:
jvm_args: --add-modules=ALL-SYSTEM --add-opens=java.base/java.util=ALL-UNNAMED --add-opens=java.base/java.lang=ALL-UNNAMED --add-opens=java.base/sun.nio.fs=ALL-UNNAMED -Declipse.application=org.eclipse.jdt.ls.core.id1 -Dosgi.bundles.defaultStartLevel=4 -Declipse.product=org.eclipse.jdt.ls.core.product -Djava.import.generatesMetadataFilesAtProjectRoot=false -DDetectVMInstallationsJob.disabled=true -Dfile.encoding=utf8 -XX:+UseParallelGC -XX:GCTimeRatio=4 -XX:AdaptiveSizePolicyWeight=90 -Dsun.zip.disableMemoryMapping=true -Xmx1G -Xms100m -Xlog:disable -javaagent:c:\Users\HUAWEI\.vscode\extensions\redhat.java-1.38.0-win32-x64\lombok\lombok-1.18.34.jar -XX:+HeapDumpOnOutOfMemoryError -XX:HeapDumpPath=c:\Users\HUAWEI\AppData\Roaming\Code\User\workspaceStorage\949561c26b9acebfa09b2120ba622da9\redhat.java -Daether.dependencyCollector.impl=bf 
java_command: c:\Users\HUAWEI\.vscode\extensions\redhat.java-1.38.0-win32-x64\server\plugins\org.eclipse.equinox.launcher_1.6.900.v20240613-2009.jar -configuration c:\Users\HUAWEI\AppData\Roaming\Code\User\globalStorage\redhat.java\1.38.0\config_win -data c:\Users\HUAWEI\AppData\Roaming\Code\User\workspaceStorage\949561c26b9acebfa09b2120ba622da9\redhat.java\jdt_ws --pipe=\\.\pipe\lsp-29d0baf75d217fb3a0243c487bf58cb2-sock
java_class_path (initial): c:\Users\HUAWEI\.vscode\extensions\redhat.java-1.38.0-win32-x64\server\plugins\org.eclipse.equinox.launcher_1.6.900.v20240613-2009.jar
Launcher Type: SUN_STANDARD

[Global flags]
    uintx AdaptiveSizePolicyWeight                 = 90                                        {product} {command line}
     intx CICompilerCount                          = 4                                         {product} {ergonomic}
    uintx GCTimeRatio                              = 4                                         {product} {command line}
     bool HeapDumpOnOutOfMemoryError               = true                                   {manageable} {command line}
    ccstr HeapDumpPath                             = c:\Users\HUAWEI\AppData\Roaming\Code\User\workspaceStorage\949561c26b9acebfa09b2120ba622da9\redhat.java         {manageable} {command line}
   size_t InitialHeapSize                          = 104857600                                 {product} {command line}
   size_t MaxHeapSize                              = 1073741824                                {product} {command line}
   size_t MaxNewSize                               = 357564416                                 {product} {ergonomic}
   size_t MinHeapDeltaBytes                        = 524288                                    {product} {ergonomic}
   size_t MinHeapSize                              = 104857600                                 {product} {command line}
   size_t NewSize                                  = 34603008                                  {product} {ergonomic}
    uintx NonNMethodCodeHeapSize                   = 5839372                                {pd product} {ergonomic}
    uintx NonProfiledCodeHeapSize                  = 122909434                              {pd product} {ergonomic}
   size_t OldSize                                  = 70254592                                  {product} {ergonomic}
    uintx ProfiledCodeHeapSize                     = 122909434                              {pd product} {ergonomic}
    uintx ReservedCodeCacheSize                    = 251658240                              {pd product} {ergonomic}
     bool SegmentedCodeCache                       = true                                      {product} {ergonomic}
   size_t SoftMaxHeapSize                          = 1073741824                             {manageable} {ergonomic}
     bool UseCompressedClassPointers               = true                           {product lp64_product} {ergonomic}
     bool UseCompressedOops                        = true                           {product lp64_product} {ergonomic}
     bool UseLargePagesIndividualAllocation        = false                                  {pd product} {ergonomic}
     bool UseParallelGC                            = true                                      {product} {command line}

Logging:
Log output configuration:
 #0: stdout all=off uptime,level,tags
 #1: stderr all=off uptime,level,tags

Environment Variables:
JAVA_HOME=C:\Program Files\Java\jdk-23
PATH=C:\Program Files\Common Files\Oracle\Java\javapath;C:\Program Files\nodejs\;C:\Python\Python311;C:\Users\HUAWEI\Downloads\gradle-8.12-bin\gradle-8.12\bin;C:\Program Files\Java\jdk-23\bin;C:\Program Files\Git\cmd;C:\Program Files\PostgreSQL\17\bin;C:\Program Files\PostgreSQL\17\data;C:\Users\HUAWEI\AppData\Roaming\npm;C:\Users\HUAWEI\AppData\Local\Programs\Microsoft VS Code\bin;C:\Python\Python311;C:\Users\HUAWEI\Downloads\gradle-8.12-bin\gradle-8.12\bin;C:\Program Files\Java\jdk-23\bin;C:\Program Files\PostgreSQL\17\data;C:\Program Files\PostgreSQL\17\bin;
USERNAME=GALYMZHAN MUSSILIMOV
OS=Windows_NT
PROCESSOR_IDENTIFIER=Intel64 Family 6 Model 140 Stepping 1, GenuineIntel
TMP=C:\Users\HUAWEI\AppData\Local\Temp
TEMP=C:\Users\HUAWEI\AppData\Local\Temp



Periodic native trim disabled


---------------  S Y S T E M  ---------------

OS:
 Windows 11 , 64 bit Build 22621 (10.0.22621.4830)
OS uptime: 15 days 0:58 hours
Hyper-V role detected

CPU: total 8 (initial active 8) (4 cores per cpu, 2 threads per core) family 6 model 140 stepping 1 microcode 0x8a, cx8, cmov, fxsr, ht, mmx, 3dnowpref, sse, sse2, sse3, ssse3, sse4.1, sse4.2, popcnt, lzcnt, tsc, tscinvbit, avx, avx2, aes, erms, clmul, bmi1, bmi2, adx, avx512f, avx512dq, avx512cd, avx512bw, avx512vl, sha, fma, vzeroupper, avx512_vpopcntdq, avx512_vpclmulqdq, avx512_vaes, avx512_vnni, clflush, clflushopt, clwb, avx512_vbmi2, avx512_vbmi, hv
Processor Information for processor 0
  Max Mhz: 2419, Current Mhz: 2419, Mhz Limit: 2419
Processor Information for processor 1
  Max Mhz: 2419, Current Mhz: 2419, Mhz Limit: 2419
Processor Information for processor 2
  Max Mhz: 2419, Current Mhz: 2419, Mhz Limit: 2419
Processor Information for processor 3
  Max Mhz: 2419, Current Mhz: 2419, Mhz Limit: 2419
Processor Information for processor 4
  Max Mhz: 2419, Current Mhz: 2419, Mhz Limit: 2419
Processor Information for processor 5
  Max Mhz: 2419, Current Mhz: 2419, Mhz Limit: 2419
Processor Information for processor 6
  Max Mhz: 2419, Current Mhz: 1209, Mhz Limit: 2419
Processor Information for processor 7
  Max Mhz: 2419, Current Mhz: 2419, Mhz Limit: 2419

Memory: 4k page, system-wide physical 7991M (487M free)
TotalPageFile size 12087M (AvailPageFile size 8M)
current process WorkingSet (physical memory assigned to process): 189M, peak: 189M
current process commit charge ("private bytes"): 284M, peak: 284M

vm_info: OpenJDK 64-Bit Server VM (17.0.13+11) for windows-amd64 JRE (17.0.13+11), built on Oct 16 2024 00:10:08 by "admin" with MS VC++ 17.7 (VS2022)

END.
